This file contains any messages produced by compilers while
running configure, to aid debugging if configure makes a mistake.

It was created by GNU C Library configure (see version.h), which was
generated by GNU Autoconf 2.69.  Invocation command line was

  $ ../configure --prefix=/usr --host=armv7l-lfs-linux-gnueabihf --build=armv7l-unknown-linux-gnueabihf --enable-kernel=3.2 --with-headers=/mnt/lfs/usr/include libc_cv_slibdir=/lib

## --------- ##
## Platform. ##
## --------- ##

hostname = pilfs
uname -m = armv7l
uname -r = 4.19.37-v7+
uname -s = Linux
uname -v = #1216 SMP Thu May 2 13:32:40 BST 2019

/usr/bin/uname -p = unknown
/bin/uname -X     = unknown

/bin/arch              = unknown
/usr/bin/arch -k       = unknown
/usr/convex/getsysinfo = unknown
/usr/bin/hostinfo      = unknown
/bin/machine           = unknown
/usr/bin/oslevel       = unknown
/bin/universe          = unknown

PATH: /mnt/lfs/tools/bin
PATH: /bin
PATH: /usr/bin


## ----------- ##
## Core tests. ##
## ----------- ##

configure:2206: checking build system type
configure:2220: result: armv7l-unknown-linux-gnueabihf
configure:2240: checking host system type
configure:2253: result: armv7l-lfs-linux-gnueabihf
configure:2282: checking for armv7l-lfs-linux-gnueabihf-gcc
configure:2298: found /mnt/lfs/tools/bin/armv7l-lfs-linux-gnueabihf-gcc
configure:2309: result: armv7l-lfs-linux-gnueabihf-gcc
configure:2578: checking for C compiler version
configure:2587: armv7l-lfs-linux-gnueabihf-gcc --version >&5
armv7l-lfs-linux-gnueabihf-gcc (GCC) 10.2.0
Copyright (C) 2020 Free Software Foundation, Inc.
This is free software; see the source for copying conditions.  There is NO
warranty; not even for MERCHANTABILITY or FITNESS FOR A PARTICULAR PURPOSE.

configure:2598: $? = 0
configure:2587: armv7l-lfs-linux-gnueabihf-gcc -v >&5
Using built-in specs.
COLLECT_GCC=armv7l-lfs-linux-gnueabihf-gcc
COLLECT_LTO_WRAPPER=/mnt/lfs/tools/libexec/gcc/armv7l-lfs-linux-gnueabihf/10.2.0/lto-wrapper
Target: armv7l-lfs-linux-gnueabihf
Configured with: ../configure --target=armv7l-lfs-linux-gnueabihf --prefix=/mnt/lfs/tools --with-glibc-version=2.11 --with-sysroot=/mnt/lfs --with-newlib --without-headers --enable-initfini-array --disable-nls --disable-shared --disable-multilib --disable-decimal-float --disable-threads --disable-libatomic --disable-libgomp --disable-libquadmath --disable-libssp --disable-libvtv --disable-libstdcxx --enable-languages=c,c++
Thread model: single
Supported LTO compression algorithms: zlib
gcc version 10.2.0 (GCC) 
configure:2598: $? = 0
configure:2587: armv7l-lfs-linux-gnueabihf-gcc -V >&5
armv7l-lfs-linux-gnueabihf-gcc: error: unrecognized command-line option '-V'
armv7l-lfs-linux-gnueabihf-gcc: fatal error: no input files
compilation terminated.
configure:2598: $? = 1
configure:2587: armv7l-lfs-linux-gnueabihf-gcc -qversion >&5
armv7l-lfs-linux-gnueabihf-gcc: error: unrecognized command-line option '-qversion'; did you mean '--version'?
armv7l-lfs-linux-gnueabihf-gcc: fatal error: no input files
compilation terminated.
configure:2598: $? = 1
configure:2603: checking for suffix of object files
configure:2625: armv7l-lfs-linux-gnueabihf-gcc -c   conftest.c >&5
configure:2629: $? = 0
configure:2650: result: o
configure:2654: checking whether we are using the GNU C compiler
configure:2673: armv7l-lfs-linux-gnueabihf-gcc -c   conftest.c >&5
configure:2673: $? = 0
configure:2682: result: yes
configure:2691: checking whether armv7l-lfs-linux-gnueabihf-gcc accepts -g
configure:2711: armv7l-lfs-linux-gnueabihf-gcc -c -g  conftest.c >&5
configure:2711: $? = 0
configure:2752: result: yes
configure:2781: checking for gcc
configure:2797: found /usr/bin/gcc
configure:2808: result: gcc
configure:2832: checking for armv7l-lfs-linux-gnueabihf-readelf
configure:2848: found /mnt/lfs/tools/bin/armv7l-lfs-linux-gnueabihf-readelf
configure:2859: result: armv7l-lfs-linux-gnueabihf-readelf
configure:2937: checking for armv7l-lfs-linux-gnueabihf-g++
configure:2953: found /mnt/lfs/tools/bin/armv7l-lfs-linux-gnueabihf-g++
configure:2964: result: armv7l-lfs-linux-gnueabihf-g++
configure:3035: checking for C++ compiler version
configure:3044: armv7l-lfs-linux-gnueabihf-g++ --version >&5
armv7l-lfs-linux-gnueabihf-g++ (GCC) 10.2.0
Copyright (C) 2020 Free Software Foundation, Inc.
This is free software; see the source for copying conditions.  There is NO
warranty; not even for MERCHANTABILITY or FITNESS FOR A PARTICULAR PURPOSE.

configure:3055: $? = 0
configure:3044: armv7l-lfs-linux-gnueabihf-g++ -v >&5
Using built-in specs.
COLLECT_GCC=armv7l-lfs-linux-gnueabihf-g++
COLLECT_LTO_WRAPPER=/mnt/lfs/tools/libexec/gcc/armv7l-lfs-linux-gnueabihf/10.2.0/lto-wrapper
Target: armv7l-lfs-linux-gnueabihf
Configured with: ../configure --target=armv7l-lfs-linux-gnueabihf --prefix=/mnt/lfs/tools --with-glibc-version=2.11 --with-sysroot=/mnt/lfs --with-newlib --without-headers --enable-initfini-array --disable-nls --disable-shared --disable-multilib --disable-decimal-float --disable-threads --disable-libatomic --disable-libgomp --disable-libquadmath --disable-libssp --disable-libvtv --disable-libstdcxx --enable-languages=c,c++
Thread model: single
Supported LTO compression algorithms: zlib
gcc version 10.2.0 (GCC) 
configure:3055: $? = 0
configure:3044: armv7l-lfs-linux-gnueabihf-g++ -V >&5
armv7l-lfs-linux-gnueabihf-g++: error: unrecognized command-line option '-V'
armv7l-lfs-linux-gnueabihf-g++: fatal error: no input files
compilation terminated.
configure:3055: $? = 1
configure:3044: armv7l-lfs-linux-gnueabihf-g++ -qversion >&5
armv7l-lfs-linux-gnueabihf-g++: error: unrecognized command-line option '-qversion'; did you mean '--version'?
armv7l-lfs-linux-gnueabihf-g++: fatal error: no input files
compilation terminated.
configure:3055: $? = 1
configure:3059: checking whether we are using the GNU C++ compiler
configure:3078: armv7l-lfs-linux-gnueabihf-g++ -c   conftest.cpp >&5
configure:3078: $? = 0
configure:3087: result: yes
configure:3096: checking whether armv7l-lfs-linux-gnueabihf-g++ accepts -g
configure:3116: armv7l-lfs-linux-gnueabihf-g++ -c -g  conftest.cpp >&5
configure:3116: $? = 0
configure:3157: result: yes
configure:3182: checking whether armv7l-lfs-linux-gnueabihf-g++ can link programs
configure:3205: armv7l-lfs-linux-gnueabihf-g++ -o conftest -g -O2   conftest.cpp  >&5
/mnt/lfs/tools/lib/gcc/armv7l-lfs-linux-gnueabihf/10.2.0/../../../../armv7l-lfs-linux-gnueabihf/bin/ld: cannot find crt1.o: No such file or directory
/mnt/lfs/tools/lib/gcc/armv7l-lfs-linux-gnueabihf/10.2.0/../../../../armv7l-lfs-linux-gnueabihf/bin/ld: cannot find crti.o: No such file or directory
/mnt/lfs/tools/lib/gcc/armv7l-lfs-linux-gnueabihf/10.2.0/../../../../armv7l-lfs-linux-gnueabihf/bin/ld: cannot find -lstdc++
/mnt/lfs/tools/lib/gcc/armv7l-lfs-linux-gnueabihf/10.2.0/../../../../armv7l-lfs-linux-gnueabihf/bin/ld: cannot find -lm
/mnt/lfs/tools/lib/gcc/armv7l-lfs-linux-gnueabihf/10.2.0/../../../../armv7l-lfs-linux-gnueabihf/bin/ld: cannot find -lc
/mnt/lfs/tools/lib/gcc/armv7l-lfs-linux-gnueabihf/10.2.0/../../../../armv7l-lfs-linux-gnueabihf/bin/ld: cannot find crtn.o: No such file or directory
collect2: error: ld returned 1 exit status
configure:3205: $? = 1
configure: failed program was:
| /* confdefs.h */
| #define PACKAGE_NAME "GNU C Library"
| #define PACKAGE_TARNAME "glibc"
| #define PACKAGE_VERSION "(see version.h)"
| #define PACKAGE_STRING "GNU C Library (see version.h)"
| #define PACKAGE_BUGREPORT "https://sourceware.org/bugzilla/"
| #define PACKAGE_URL "https://www.gnu.org/software/glibc/"
| #define PKGVERSION "(GNU libc) "
| #define REPORT_BUGS_TO "<https://www.gnu.org/software/libc/bugs.html>"
| /* end confdefs.h.  */
| 
| int
| main ()
| {
| 
|   ;
|   return 0;
| }
configure:3228: armv7l-lfs-linux-gnueabihf-g++ -o conftest -g -O2   -static conftest.cpp  >&5
conftest.cpp:12:10: fatal error: iostream: No such file or directory
   12 | #include <iostream>
      |          ^~~~~~~~~~
compilation terminated.
configure:3228: $? = 1
configure: failed program was:
| /* confdefs.h */
| #define PACKAGE_NAME "GNU C Library"
| #define PACKAGE_TARNAME "glibc"
| #define PACKAGE_VERSION "(see version.h)"
| #define PACKAGE_STRING "GNU C Library (see version.h)"
| #define PACKAGE_BUGREPORT "https://sourceware.org/bugzilla/"
| #define PACKAGE_URL "https://www.gnu.org/software/glibc/"
| #define PKGVERSION "(GNU libc) "
| #define REPORT_BUGS_TO "<https://www.gnu.org/software/libc/bugs.html>"
| /* end confdefs.h.  */
| 
| #include <iostream>
| 
| int
| main()
| {
|   std::cout << "Hello, world!";
|   return 0;
| }
| 
configure:3243: result: no
configure:3754: armv7l-lfs-linux-gnueabihf-gcc -c -g -O2  conftest.c >&5
conftest.c: In function 'main':
conftest.c:18:3: error: #error no CET compiler support
   18 | # error no CET compiler support
      |   ^~~~~
configure:3754: $? = 1
configure: failed program was:
| /* confdefs.h */
| #define PACKAGE_NAME "GNU C Library"
| #define PACKAGE_TARNAME "glibc"
| #define PACKAGE_VERSION "(see version.h)"
| #define PACKAGE_STRING "GNU C Library (see version.h)"
| #define PACKAGE_BUGREPORT "https://sourceware.org/bugzilla/"
| #define PACKAGE_URL "https://www.gnu.org/software/glibc/"
| #define PKGVERSION "(GNU libc) "
| #define REPORT_BUGS_TO "<https://www.gnu.org/software/libc/bugs.html>"
| #define HAVE_TUNABLES 1
| /* end confdefs.h.  */
| 
| int
| main ()
| {
| 
| #ifndef __CET__
| # error no CET compiler support
| #endif
|   ;
|   return 0;
| }
configure:3813: checking for sysdeps preconfigure fragments
configure:49: WARNING: arm/preconfigure: Did not find ARM architecture type; using default
configure:56: checking for grep that handles long lines and -e
configure:114: result: /bin/grep
configure:119: checking for egrep
configure:181: result: /bin/grep -E
configure:6: checking for grep that handles long lines and -e
configure:64: result: /bin/grep
configure:69: checking for egrep
configure:131: result: /bin/grep -E
configure:6: checking for grep that handles long lines and -e
configure:64: result: /bin/grep
configure:69: checking for egrep
configure:131: result: /bin/grep -E
configure:3820: result: 
configure:3850: checking for use of fpu sysdeps directories
configure:3869: result: yes
configure:3873: checking for -fstack-protector
configure:3879: armv7l-lfs-linux-gnueabihf-gcc -g -O2 -fno-unwind-tables  -Werror -fstack-protector -xc /dev/null -S -o /dev/null
configure:3882: $? = 0
configure:3890: result: yes
configure:3893: checking for -fstack-protector-strong
configure:3899: armv7l-lfs-linux-gnueabihf-gcc -g -O2 -fno-unwind-tables  -Werror -fstack-protector-strong -xc /dev/null -S -o /dev/null
configure:3902: $? = 0
configure:3910: result: yes
configure:3913: checking for -fstack-protector-all
configure:3919: armv7l-lfs-linux-gnueabihf-gcc -g -O2 -fno-unwind-tables  -Werror -fstack-protector-all -xc /dev/null -S -o /dev/null
configure:3922: $? = 0
configure:3930: result: yes
configure:3973: checking for assembler and linker STT_GNU_IFUNC support

Relocation section '.rel.dyn' at offset 0x74 contains 1 entry:
 Offset     Info    Type            Sym.Value  Sym. Name
00020088  000000a0 R_ARM_IRELATIVE  
configure:4004: result: yes
configure:4008: checking for gcc attribute ifunc support
configure:4034: result: yes
configure:4039: checking whether the linker supports textrels along with ifunc
configure:4069: armv7l-lfs-linux-gnueabihf-gcc -g -O2 -fno-unwind-tables   -nostartfiles -nostdlib -fno-stack-protector -pie -o conftest conftest.S
configure:4072: $? = 0
configure:4079: result: yes
configure:4084: checking if compiler warns about alias for function with incompatible types
conftest.c:9:34: error: 'foo_alias' alias between functions of incompatible types 'int(const void *, int)' and 'int (*(void))(const void *, int)' [-Werror=attribute-alias=]
    9 | extern __typeof (__redirect_foo) foo_alias __attribute__ ((alias ("foo")));
      |                                  ^~~~~~~~~
conftest.c:4:28: note: aliased declaration here
    4 | __typeof (__redirect_foo) *foo_impl (void)
      |                            ^~~~~~~~
cc1: all warnings being treated as errors
configure:4106: result: yes
configure:4144: checking sysdep dirs
configure:4342: result: sysdeps/generic
configure:4362: checking for a BSD-compatible install
configure:4430: result: /usr/bin/install -c
configure:4445: checking whether ln -s works
configure:4449: result: yes
configure:4475: checking whether /mnt/lfs/tools/lib/gcc/armv7l-lfs-linux-gnueabihf/10.2.0/../../../../armv7l-lfs-linux-gnueabihf/bin/as is GNU as
configure:4489: result: yes
configure:4494: checking whether /mnt/lfs/tools/lib/gcc/armv7l-lfs-linux-gnueabihf/10.2.0/../../../../armv7l-lfs-linux-gnueabihf/bin/ld is GNU ld
configure:4508: result: yes
configure:4518: checking for /mnt/lfs/tools/lib/gcc/armv7l-lfs-linux-gnueabihf/10.2.0/../../../../armv7l-lfs-linux-gnueabihf/bin/as
configure:4545: result: /mnt/lfs/tools/lib/gcc/armv7l-lfs-linux-gnueabihf/10.2.0/../../../../armv7l-lfs-linux-gnueabihf/bin/as
configure:4560: checking version of /mnt/lfs/tools/lib/gcc/armv7l-lfs-linux-gnueabihf/10.2.0/../../../../armv7l-lfs-linux-gnueabihf/bin/as
configure:4570: result: 2.35, ok
configure:4648: checking for /mnt/lfs/tools/lib/gcc/armv7l-lfs-linux-gnueabihf/10.2.0/../../../../armv7l-lfs-linux-gnueabihf/bin/ld
configure:4675: result: /mnt/lfs/tools/lib/gcc/armv7l-lfs-linux-gnueabihf/10.2.0/../../../../armv7l-lfs-linux-gnueabihf/bin/ld
configure:4690: checking version of /mnt/lfs/tools/lib/gcc/armv7l-lfs-linux-gnueabihf/10.2.0/../../../../armv7l-lfs-linux-gnueabihf/bin/ld
configure:4700: result: 2.35, ok
configure:4715: checking for gnumake
configure:4745: result: no
configure:4715: checking for gmake
configure:4745: result: no
configure:4715: checking for make
configure:4731: found /usr/bin/make
configure:4742: result: make
configure:4757: checking version of make
configure:4767: result: 4.2.1, ok
configure:4779: checking for gnumsgfmt
configure:4809: result: no
configure:4779: checking for gmsgfmt
configure:4809: result: no
configure:4779: checking for msgfmt
configure:4795: found /usr/bin/msgfmt
configure:4806: result: msgfmt
configure:4821: checking version of msgfmt
configure:4831: result: 0.19.8.1, ok
configure:4842: checking for makeinfo
configure:4858: found /usr/bin/makeinfo
configure:4869: result: makeinfo
configure:4884: checking version of makeinfo
configure:4894: result: 6.6, ok
configure:4905: checking for sed
configure:4921: found /bin/sed
configure:4932: result: sed
configure:4947: checking version of sed
configure:4957: result: 4.7, ok
configure:4968: checking for gawk
configure:4984: found /usr/bin/gawk
configure:4995: result: gawk
configure:5010: checking version of gawk
configure:5020: result: 5.0.0, ok
configure:5031: checking for bison
configure:5047: found /usr/bin/bison
configure:5058: result: bison
configure:5073: checking version of bison
configure:5083: result: 3.3.2, ok
configure:5091: checking if armv7l-lfs-linux-gnueabihf-gcc is sufficient to build libc
configure:5111: armv7l-lfs-linux-gnueabihf-gcc -c -g -O2 -fno-unwind-tables  conftest.c >&5
configure:5111: $? = 0
configure:5118: result: yes
configure:5127: checking for armv7l-lfs-linux-gnueabihf-nm
configure:5143: found /mnt/lfs/tools/bin/armv7l-lfs-linux-gnueabihf-nm
configure:5154: result: armv7l-lfs-linux-gnueabihf-nm
configure:5292: checking for python3
configure:5308: found /usr/bin/python3
configure:5319: result: python3
configure:5334: checking version of python3
configure:5344: result: 3.7.3, ok
configure:5412: checking LD_LIBRARY_PATH variable
configure:5422: result: ok
configure:5433: checking for bash
configure:5451: found /bin/bash
configure:5464: result: /bin/bash
configure:5475: checking for perl
configure:5493: found /usr/bin/perl
configure:5506: result: /usr/bin/perl
configure:5520: checking for install-info
configure:5539: found /usr/bin/install-info
configure:5552: result: /usr/bin/install-info
configure:5561: checking for .set assembler directive
configure:5587: result: yes
configure:5594: checking linker support for protected data symbol
configure:5604: armv7l-lfs-linux-gnueabihf-gcc -nostdlib -nostartfiles -fno-stack-protector -fPIC -shared conftest.c -o conftest.so
configure:5607: $? = 0
configure:5614: armv7l-lfs-linux-gnueabihf-gcc -nostdlib -nostartfiles -fno-stack-protector conftest.c -o conftest conftest.so
/mnt/lfs/tools/lib/gcc/armv7l-lfs-linux-gnueabihf/10.2.0/../../../../armv7l-lfs-linux-gnueabihf/bin/ld: warning: cannot find entry symbol _start; defaulting to 000101a0
configure:5617: $? = 0
configure:5625: result: yes
configure:5629: checking linker support for INSERT in linker script
configure:5647: armv7l-lfs-linux-gnueabihf-gcc -nostdlib -nostartfiles -fno-stack-protector -fPIC -shared conftest.c -Wl,-T,conftest.t -o conftest.so
configure:5650: $? = 0
configure:5657: result: yes
configure:5661: checking for broken __attribute__((alias()))
configure:5676: armv7l-lfs-linux-gnueabihf-gcc -Werror -S conftest.c -o conftest.s 1>&5
configure:5679: $? = 0
configure:5689: result: no
configure:5695: checking whether to put _rtld_local into .sdata section
configure:5709: result: no
configure:5716: checking for libunwind-support in compiler
configure:5733: result: no
configure:5742: checking whether --noexecstack is desirable for .S files
configure:5752: armv7l-lfs-linux-gnueabihf-gcc -g -O2 -fno-unwind-tables 
		   -S -o conftest.s conftest.c 1>&5
configure:5755: $? = 0
configure:5760: armv7l-lfs-linux-gnueabihf-gcc  -Wa,--noexecstack
		      -c -o conftest.o conftest.s 1>&5
configure:5763: $? = 0
configure:5772: result: yes
configure:5779: checking for -z combreloc
configure:5793: armv7l-lfs-linux-gnueabihf-gcc -g -O2 -fno-unwind-tables  
			-fPIC -shared -fno-stack-protector -o conftest.so conftest.c
			-nostdlib -nostartfiles
			-Wl,-z,combreloc 1>&5
configure:5796: $? = 0
configure:5809: result: yes
configure:5817: checking for linker that supports -z execstack
configure:5830: armv7l-lfs-linux-gnueabihf-gcc -g -O2 -fno-unwind-tables   -fno-stack-protector
				-Wl,-z,execstack -nostdlib -nostartfiles
				-fPIC -shared -o conftest.so conftest.c
				1>&5
configure:5833: $? = 0
configure:5846: result: yes
configure:5850: checking for linker that supports --no-dynamic-linker
configure:5863: armv7l-lfs-linux-gnueabihf-gcc -g -O2 -fno-unwind-tables   -fno-stack-protector
				-Wl,--no-dynamic-linker -nostdlib -nostartfiles
				-fPIC -shared -o conftest.so conftest.c
				1>&5
configure:5866: $? = 0
configure:5879: result: yes
configure:5884: checking for -static-pie
configure:5890: armv7l-lfs-linux-gnueabihf-gcc -static-pie -xc /dev/null -S -o /dev/null
configure:5893: $? = 0
configure:5901: result: yes
configure:5906: checking for -fpie
configure:5912: armv7l-lfs-linux-gnueabihf-gcc -fpie -xc /dev/null -S -o /dev/null
configure:5915: $? = 0
configure:5923: result: yes
configure:5928: checking for --hash-style option
configure:5939: armv7l-lfs-linux-gnueabihf-gcc -g -O2 -fno-unwind-tables   -fno-stack-protector
			    -fPIC -shared -o conftest.so conftest.c
			    -Wl,--hash-style=both -nostdlib 1>&5
configure:5942: $? = 0
configure:5951: result: yes
configure:5959: checking for sufficient default -shared layout
configure:5978:   armv7l-lfs-linux-gnueabihf-gcc  -shared -o conftest.so conftest.s 1>&5
/mnt/lfs/tools/lib/gcc/armv7l-lfs-linux-gnueabihf/10.2.0/../../../../armv7l-lfs-linux-gnueabihf/bin/ld: cannot find crti.o: No such file or directory
/mnt/lfs/tools/lib/gcc/armv7l-lfs-linux-gnueabihf/10.2.0/../../../../armv7l-lfs-linux-gnueabihf/bin/ld: cannot find -lc
/mnt/lfs/tools/lib/gcc/armv7l-lfs-linux-gnueabihf/10.2.0/../../../../armv7l-lfs-linux-gnueabihf/bin/ld: cannot find crtn.o: No such file or directory
collect2: error: ld returned 1 exit status
configure:5981: $? = 1
configure:6013: result: no
configure:6018: checking for GLOB_DAT reloc
configure:6031: armv7l-lfs-linux-gnueabihf-gcc -g -O2 -fno-unwind-tables  
			-fPIC -shared -o conftest.so conftest.c
			-nostdlib -nostartfiles -fno-stack-protector
			1>&5
configure:6034: $? = 0
configure:6047: result: yes
configure:6051: checking linker output format
configure:6065: result: elf32-littlearm
configure:6069: checking for -fno-toplevel-reorder -fno-section-anchors
configure:6079: armv7l-lfs-linux-gnueabihf-gcc -g -O2 -fno-unwind-tables  -S -fno-toplevel-reorder -fno-section-anchors
			    conftest.c 1>&5
configure:6082: $? = 0
configure:6091: result: yes
configure:6100: checking for -mtls-dialect=gnu2
configure:6114: armv7l-lfs-linux-gnueabihf-gcc -g -O2 -fno-unwind-tables  -S -fPIC -mtls-dialect=gnu2
		   conftest.c 1>&5
configure:6117: $? = 0
configure:6126: result: yes
configure:6132: checking whether cc puts quotes around section names
configure:6153: result: no
configure:6160: checking for __builtin_memset
configure:6172: armv7l-lfs-linux-gnueabihf-gcc -O3 -S conftest.c -o - | grep -F memset > /dev/null
configure:6175: $? = 0
configure:6184: result: no
configure:6191: checking for redirection of built-in functions
configure:6204: armv7l-lfs-linux-gnueabihf-gcc -O3 -S conftest.c -o - | grep -F my_strstr > /dev/null
configure:6207: $? = 0
configure:6216: result: yes
configure:6222: checking for compiler option to disable generation of FMA instructions
configure:6230: armv7l-lfs-linux-gnueabihf-gcc -ffp-contract=off -xc /dev/null -S -o /dev/null
configure:6233: $? = 0
configure:6239: result: -ffp-contract=off
configure:6272: checking if armv7l-lfs-linux-gnueabihf-gcc accepts -fno-tree-loop-distribute-patterns with __attribute__ ((__optimize__))
configure:6285: armv7l-lfs-linux-gnueabihf-gcc -g -O2 -fno-unwind-tables  -c conftest.c
configure:6288: $? = 0
configure:6295: result: yes
configure:6303: checking for libgd
configure:6323: armv7l-lfs-linux-gnueabihf-gcc -o conftest -g -O2 -fno-unwind-tables     conftest.c  -lgd -lpng -lz -lm >&5
conftest.c:17:10: fatal error: gd.h: No such file or directory
   17 | #include <gd.h>
      |          ^~~~~~
compilation terminated.
configure:6323: $? = 1
configure: failed program was:
| /* confdefs.h */
| #define PACKAGE_NAME "GNU C Library"
| #define PACKAGE_TARNAME "glibc"
| #define PACKAGE_VERSION "(see version.h)"
| #define PACKAGE_STRING "GNU C Library (see version.h)"
| #define PACKAGE_BUGREPORT "https://sourceware.org/bugzilla/"
| #define PACKAGE_URL "https://www.gnu.org/software/glibc/"
| #define PKGVERSION "(GNU libc) "
| #define REPORT_BUGS_TO "<https://www.gnu.org/software/libc/bugs.html>"
| #define HAVE_TUNABLES 1
| #define HAVE_CC_NO_STACK_PROTECTOR 1
| #define STACK_PROTECTOR_LEVEL 0
| #define HAVE_ASM_SET_DIRECTIVE 1
| #define HAVE_Z_COMBRELOC 1
| #define HAVE_CC_INHIBIT_LOOP_TO_LIBCALL 1
| /* end confdefs.h.  */
| #include <gd.h>
| int
| main ()
| {
| gdImagePng (0, 0)
|   ;
|   return 0;
| }
configure:6336: result: no
configure:6345: checking for is_selinux_enabled in -lselinux
configure:6370: armv7l-lfs-linux-gnueabihf-gcc -o conftest -g -O2 -fno-unwind-tables   conftest.c -lselinux   >&5
/mnt/lfs/tools/lib/gcc/armv7l-lfs-linux-gnueabihf/10.2.0/../../../../armv7l-lfs-linux-gnueabihf/bin/ld: cannot find crt1.o: No such file or directory
/mnt/lfs/tools/lib/gcc/armv7l-lfs-linux-gnueabihf/10.2.0/../../../../armv7l-lfs-linux-gnueabihf/bin/ld: cannot find crti.o: No such file or directory
/mnt/lfs/tools/lib/gcc/armv7l-lfs-linux-gnueabihf/10.2.0/../../../../armv7l-lfs-linux-gnueabihf/bin/ld: cannot find -lselinux
/mnt/lfs/tools/lib/gcc/armv7l-lfs-linux-gnueabihf/10.2.0/../../../../armv7l-lfs-linux-gnueabihf/bin/ld: cannot find -lc
/mnt/lfs/tools/lib/gcc/armv7l-lfs-linux-gnueabihf/10.2.0/../../../../armv7l-lfs-linux-gnueabihf/bin/ld: cannot find crtn.o: No such file or directory
collect2: error: ld returned 1 exit status
configure:6370: $? = 1
configure: failed program was:
| /* confdefs.h */
| #define PACKAGE_NAME "GNU C Library"
| #define PACKAGE_TARNAME "glibc"
| #define PACKAGE_VERSION "(see version.h)"
| #define PACKAGE_STRING "GNU C Library (see version.h)"
| #define PACKAGE_BUGREPORT "https://sourceware.org/bugzilla/"
| #define PACKAGE_URL "https://www.gnu.org/software/glibc/"
| #define PKGVERSION "(GNU libc) "
| #define REPORT_BUGS_TO "<https://www.gnu.org/software/libc/bugs.html>"
| #define HAVE_TUNABLES 1
| #define HAVE_CC_NO_STACK_PROTECTOR 1
| #define STACK_PROTECTOR_LEVEL 0
| #define HAVE_ASM_SET_DIRECTIVE 1
| #define HAVE_Z_COMBRELOC 1
| #define HAVE_CC_INHIBIT_LOOP_TO_LIBCALL 1
| /* end confdefs.h.  */
| 
| /* Override any GCC internal prototype to avoid an error.
|    Use char because int might match the return type of a GCC
|    builtin and then its argument prototype would still apply.  */
| #ifdef __cplusplus
| extern "C"
| #endif
| char is_selinux_enabled ();
| int
| main ()
| {
| return is_selinux_enabled ();
|   ;
|   return 0;
| }
configure:6379: result: no
configure:6502: checking for _FORTIFY_SOURCE predefine
configure:6521: armv7l-lfs-linux-gnueabihf-gcc -c -g -O2 -fno-unwind-tables  conftest.c >&5
configure:6521: $? = 0
configure:6528: result: no
configure:6538: checking whether the linker provides working __ehdr_start
configure:6561: armv7l-lfs-linux-gnueabihf-gcc -o conftest -g -O2 -fno-unwind-tables -fPIC   -nostdlib -nostartfiles -shared -fno-stack-protector conftest.c  >&5
configure:6561: $? = 0
configure:6577: result: yes
configure:6587: checking for __builtin_trap with no external dependencies
configure:6604: armv7l-lfs-linux-gnueabihf-gcc -c -g -O2 -fno-unwind-tables  conftest.c >&5
configure:6604: $? = 0
libc_undefs=''
configure:6618: result: yes
configure:6632: checking whether the C++ compiler supports thread_local
configure:6660:  -c -g -O2 -std=gnu++11  conftest.cpp >&5
../configure: line 1626: -c: command not found
configure:6660: $? = 127
configure: failed program was:
| /* confdefs.h */
| #define PACKAGE_NAME "GNU C Library"
| #define PACKAGE_TARNAME "glibc"
| #define PACKAGE_VERSION "(see version.h)"
| #define PACKAGE_STRING "GNU C Library (see version.h)"
| #define PACKAGE_BUGREPORT "https://sourceware.org/bugzilla/"
| #define PACKAGE_URL "https://www.gnu.org/software/glibc/"
| #define PKGVERSION "(GNU libc) "
| #define REPORT_BUGS_TO "<https://www.gnu.org/software/libc/bugs.html>"
| #define HAVE_TUNABLES 1
| #define HAVE_CC_NO_STACK_PROTECTOR 1
| #define STACK_PROTECTOR_LEVEL 0
| #define HAVE_ASM_SET_DIRECTIVE 1
| #define HAVE_Z_COMBRELOC 1
| #define HAVE_CC_INHIBIT_LOOP_TO_LIBCALL 1
| #define HAVE_EHDR_START 1
| #define HAVE_BUILTIN_TRAP 1
| /* end confdefs.h.  */
| 
| #include <thread>
| 
| // Compiler support.
| struct S
| {
|   S ();
|   ~S ();
| };
| thread_local S s;
| S * get () { return &s; }
| 
| // libstdc++ support.
| #ifndef _GLIBCXX_HAVE___CXA_THREAD_ATEXIT_IMPL
| #error __cxa_thread_atexit_impl not supported
| #endif
| 
configure:6669: result: no
configure:6699: result: running configure fragment for sysdeps/unix/sysv/linux
configure:9: checking installed Linux kernel header files
configure:28: armv7l-lfs-linux-gnueabihf-gcc -c -g -O2 -fno-unwind-tables  -nostdinc -isystem /mnt/lfs/tools/lib/gcc/armv7l-lfs-linux-gnueabihf/10.2.0/include -isystem /mnt/lfs/tools/lib/gcc/armv7l-lfs-linux-gnueabihf/10.2.0/include-fixed -isystem /mnt/lfs/usr/include conftest.c >&5
configure:28: $? = 0
configure:35: result: 3.2.0 or later
configure:69: checking for kernel header at least 3.2
configure:87: armv7l-lfs-linux-gnueabihf-gcc -c -g -O2 -fno-unwind-tables  -nostdinc -isystem /mnt/lfs/tools/lib/gcc/armv7l-lfs-linux-gnueabihf/10.2.0/include -isystem /mnt/lfs/tools/lib/gcc/armv7l-lfs-linux-gnueabihf/10.2.0/include-fixed -isystem /mnt/lfs/usr/include conftest.c >&5
configure:87: $? = 0
configure:93: result: ok
configure:6699: result: running configure fragment for sysdeps/gnu
configure:6699: result: running configure fragment for sysdeps/arm
configure:16: checking for grep that handles long lines and -e
configure:74: result: /bin/grep
configure:79: checking for egrep
configure:141: result: /bin/grep -E
configure:146: checking whether the compiler is using the ARM hard-float ABI
configure:167: result: yes
configure:179: checking whether PC-relative relocs in movw/movt work properly

Dynamic section at offset 0xfa0 contains 7 entries:
  Tag        Type                         Name/Value
 0x00000004 (HASH)                       0xb4
 0x6ffffef5 (GNU_HASH)                   0xc8
 0x00000005 (STRTAB)                     0x108
 0x00000006 (SYMTAB)                     0xe8
 0x0000000a (STRSZ)                      5 (bytes)
 0x0000000b (SYMENT)                     16 (bytes)
 0x00000000 (NULL)                       0x0

There are no relocations in this file.
configure:220: result: yes
configure:230: checking whether TPOFF relocs with addends are assembled correctly

Hex dump of section '.text':
 NOTE: This section has relocations against it, but these have NOT been applied to this dump.
  0x00000000 04000000                            ....

configure:266: result: yes
configure:6762: checking whether -fPIC is default
configure:6778: result: no
configure:6782: checking whether -fPIE is default
configure:6798: result: no
configure:6944: creating ./config.status

## ---------------------- ##
## Running config.status. ##
## ---------------------- ##

This file was extended by GNU C Library config.status (see version.h), which was
generated by GNU Autoconf 2.69.  Invocation command line was

  CONFIG_FILES    = 
  CONFIG_HEADERS  = 
  CONFIG_LINKS    = 
  CONFIG_COMMANDS = 
  $ ./config.status 

on pilfs

config.status:942: creating config.make
config.status:942: creating Makefile
config.status:942: creating config.h
config.status:1116: executing default commands

## ---------------- ##
## Cache variables. ##
## ---------------- ##

ac_cv_build=armv7l-unknown-linux-gnueabihf
ac_cv_c_compiler_gnu=yes
ac_cv_cxx_compiler_gnu=yes
ac_cv_env_CCC_set=
ac_cv_env_CCC_value=
ac_cv_env_CC_set=
ac_cv_env_CC_value=
ac_cv_env_CFLAGS_set=
ac_cv_env_CFLAGS_value=
ac_cv_env_CPPFLAGS_set=
ac_cv_env_CPPFLAGS_value=
ac_cv_env_CPP_set=
ac_cv_env_CPP_value=
ac_cv_env_CXXFLAGS_set=
ac_cv_env_CXXFLAGS_value=
ac_cv_env_CXX_set=
ac_cv_env_CXX_value=
ac_cv_env_LDFLAGS_set=
ac_cv_env_LDFLAGS_value=
ac_cv_env_LIBS_set=
ac_cv_env_LIBS_value=
ac_cv_env_build_alias_set=set
ac_cv_env_build_alias_value=armv7l-unknown-linux-gnueabihf
ac_cv_env_host_alias_set=set
ac_cv_env_host_alias_value=armv7l-lfs-linux-gnueabihf
ac_cv_env_target_alias_set=
ac_cv_env_target_alias_value=
ac_cv_host=armv7l-lfs-linux-gnueabihf
ac_cv_lib_selinux_is_selinux_enabled=no
ac_cv_objext=o
ac_cv_path_BASH_SHELL=/bin/bash
ac_cv_path_EGREP='/bin/grep -E'
ac_cv_path_GREP=/bin/grep
ac_cv_path_INSTALL_INFO=/usr/bin/install-info
ac_cv_path_PERL=/usr/bin/perl
ac_cv_path_install='/usr/bin/install -c'
ac_cv_prog_AS=/mnt/lfs/tools/lib/gcc/armv7l-lfs-linux-gnueabihf/10.2.0/../../../../armv7l-lfs-linux-gnueabihf/bin/as
ac_cv_prog_AWK=gawk
ac_cv_prog_BISON=bison
ac_cv_prog_BUILD_CC=gcc
ac_cv_prog_CC=armv7l-lfs-linux-gnueabihf-gcc
ac_cv_prog_CXX=armv7l-lfs-linux-gnueabihf-g++
ac_cv_prog_LD=/mnt/lfs/tools/lib/gcc/armv7l-lfs-linux-gnueabihf/10.2.0/../../../../armv7l-lfs-linux-gnueabihf/bin/ld
ac_cv_prog_MAKE=make
ac_cv_prog_MAKEINFO=makeinfo
ac_cv_prog_MSGFMT=msgfmt
ac_cv_prog_NM=armv7l-lfs-linux-gnueabihf-nm
ac_cv_prog_PYTHON_PROG=python3
ac_cv_prog_READELF=armv7l-lfs-linux-gnueabihf-readelf
ac_cv_prog_SED=sed
ac_cv_prog_cc_g=yes
ac_cv_prog_cxx_g=yes
libc_cv_arm_pcrel_movw=yes
libc_cv_arm_pcs_vfp=yes
libc_cv_arm_tpoff_addend=yes
libc_cv_as_noexecstack=yes
libc_cv_asm_set_directive=yes
libc_cv_broken_alias_attribute=no
libc_cv_builtin_trap=yes
libc_cv_cc_loop_to_function=yes
libc_cv_cc_nofma=-ffp-contract=off
libc_cv_cc_pie_default=no
libc_cv_cc_with_libunwind=no
libc_cv_compiler_default_cet=no
libc_cv_compiler_ok=yes
libc_cv_cxx_link_ok=no
libc_cv_cxx_thread_local=no
libc_cv_ehdr_start=yes
libc_cv_fno_toplevel_reorder=yes
libc_cv_fpie=yes
libc_cv_gcc_builtin_memset=no
libc_cv_gcc_builtin_redirection=yes
libc_cv_gcc_incompatible_alias=yes
libc_cv_gcc_indirect_function=yes
libc_cv_gcc_unwind_find_fde=no
libc_cv_has_glob_dat=yes
libc_cv_hashstyle=yes
libc_cv_have_sdata_section=no
libc_cv_have_section_quotes=no
libc_cv_idn=no
libc_cv_insert=yes
libc_cv_ld_gnu_indirect_function=yes
libc_cv_linux320='3.2.0 or later'
libc_cv_localstatedir=/var
libc_cv_mtls_dialect_gnu2=yes
libc_cv_multidir=.
libc_cv_no_dynamic_linker=yes
libc_cv_nss_crypt=no
libc_cv_output_format=elf32-littlearm
libc_cv_pic_default=no
libc_cv_pie_default=no
libc_cv_predef_fortify_source=no
libc_cv_prog_as_gnu=yes
libc_cv_prog_ld_gnu=yes
libc_cv_protected_data=yes
libc_cv_rootsbindir=/sbin
libc_cv_slibdir=/lib
libc_cv_ssp=yes
libc_cv_ssp_all=yes
libc_cv_ssp_strong=yes
libc_cv_static_nss_crypt=no
libc_cv_static_pie=yes
libc_cv_sysconfdir=/etc
libc_cv_textrel_ifunc=yes
libc_cv_use_default_link=no
libc_cv_with_fp=yes
libc_cv_z_combreloc=yes
libc_cv_z_execstack=yes

## ----------------- ##
## Output variables. ##
## ----------------- ##

AR='/mnt/lfs/tools/lib/gcc/armv7l-lfs-linux-gnueabihf/10.2.0/../../../../armv7l-lfs-linux-gnueabihf/bin/ar'
AS='/mnt/lfs/tools/lib/gcc/armv7l-lfs-linux-gnueabihf/10.2.0/../../../../armv7l-lfs-linux-gnueabihf/bin/as'
ASFLAGS_config=' -Wa,--noexecstack'
AUTOCONF='no'
AWK='gawk'
BASH_SHELL='/bin/bash'
BISON='bison'
BUILD_CC='gcc'
CC='armv7l-lfs-linux-gnueabihf-gcc'
CFLAGS='-g -O2'
CPP='armv7l-lfs-linux-gnueabihf-gcc -E'
CPPFLAGS=''
CPPUNDEFS=''
CXX=''
CXXFLAGS='-g -O2'
CXX_BITS_STD_ABS_H=''
CXX_CMATH_HEADER=''
CXX_CSTDLIB_HEADER=''
CXX_SYSINCLUDES=''
DEFINES=''
DEFS='-DHAVE_CONFIG_H'
ECHO_C=''
ECHO_N='-n'
ECHO_T=''
GPROF='gprof'
INSTALL_DATA='${INSTALL} -m 644'
INSTALL_INFO='/usr/bin/install-info'
INSTALL_PROGRAM='${INSTALL}'
INSTALL_SCRIPT='${INSTALL}'
LD='/mnt/lfs/tools/lib/gcc/armv7l-lfs-linux-gnueabihf/10.2.0/../../../../armv7l-lfs-linux-gnueabihf/bin/ld'
LDFLAGS=''
LIBGD='no'
LIBOBJS=''
LIBS=''
LN_S='ln -s'
LTLIBOBJS=''
MAKE='make'
MAKEINFO='makeinfo'
MSGFMT='msgfmt'
NM='armv7l-lfs-linux-gnueabihf-nm'
OBJCOPY='/mnt/lfs/tools/lib/gcc/armv7l-lfs-linux-gnueabihf/10.2.0/../../../../armv7l-lfs-linux-gnueabihf/bin/objcopy'
OBJDUMP='/mnt/lfs/tools/lib/gcc/armv7l-lfs-linux-gnueabihf/10.2.0/../../../../armv7l-lfs-linux-gnueabihf/bin/objdump'
OBJEXT='o'
PACKAGE_BUGREPORT='https://sourceware.org/bugzilla/'
PACKAGE_NAME='GNU C Library'
PACKAGE_STRING='GNU C Library (see version.h)'
PACKAGE_TARNAME='glibc'
PACKAGE_URL='https://www.gnu.org/software/glibc/'
PACKAGE_VERSION='(see version.h)'
PATH_SEPARATOR=':'
PERL='/usr/bin/perl'
PKGVERSION='(GNU libc) '
PKGVERSION_TEXI='(GNU libc) '
PYTHON='python3 -B'
PYTHON_PROG='python3'
READELF='armv7l-lfs-linux-gnueabihf-readelf'
RELEASE='release'
REPORT_BUGS_TEXI='@uref{https://www.gnu.org/software/libc/bugs.html}'
REPORT_BUGS_TO='<https://www.gnu.org/software/libc/bugs.html>'
SED='sed'
SHELL='/bin/sh'
SYSINCLUDES='-nostdinc -isystem /mnt/lfs/tools/lib/gcc/armv7l-lfs-linux-gnueabihf/10.2.0/include -isystem /mnt/lfs/tools/lib/gcc/armv7l-lfs-linux-gnueabihf/10.2.0/include-fixed -isystem /mnt/lfs/usr/include'
VERSION='2.32'
ac_ct_CC=''
ac_ct_CXX=''
all_warnings=''
base_machine='arm'
bindir='${exec_prefix}/bin'
bindnow='no'
build='armv7l-unknown-linux-gnueabihf'
build_alias='armv7l-unknown-linux-gnueabihf'
build_cpu='armv7l'
build_crypt='yes'
build_nscd='yes'
build_os='linux-gnueabihf'
build_pt_chown='no'
build_vendor='unknown'
cross_compiling='yes'
datadir='${datarootdir}'
datarootdir='${prefix}/share'
docdir='${datarootdir}/doc/${PACKAGE_TARNAME}'
dvidir='${docdir}'
enable_timezone_tools='yes'
enable_werror='yes'
exec_prefix='${prefix}'
experimental_malloc='yes'
extra_nonshared_cflags=''
fno_unit_at_a_time='-fno-toplevel-reorder -fno-section-anchors'
force_install='yes'
hardcoded_path_in_tests='no'
have_libaudit=''
have_libcap=''
have_selinux='no'
have_tunables='yes'
host='armv7l-lfs-linux-gnueabihf'
host_alias='armv7l-lfs-linux-gnueabihf'
host_cpu='armv7l'
host_os='linux-gnueabihf'
host_vendor='lfs'
htmldir='${docdir}'
includedir='${prefix}/include'
infodir='${datarootdir}/info'
ldd_rewrite_script='no'
libc_cv_cc_loop_to_function='yes'
libc_cv_cc_nofma='-ffp-contract=off'
libc_cv_cc_pie_default='no'
libc_cv_cc_submachine=''
libc_cv_cc_with_libunwind='no'
libc_cv_complocaledir=''
libc_cv_cxx_thread_local='no'
libc_cv_fpie='yes'
libc_cv_gcc_unwind_find_fde='no'
libc_cv_has_glob_dat='yes'
libc_cv_hashstyle='yes'
libc_cv_insert='yes'
libc_cv_localstatedir='/var'
libc_cv_mtls_dialect_gnu2='yes'
libc_cv_multidir='.'
libc_cv_nss_crypt='no'
libc_cv_output_format='elf32-littlearm'
libc_cv_pic_default='no'
libc_cv_pie_default='no'
libc_cv_protected_data='yes'
libc_cv_rootsbindir='/sbin'
libc_cv_rtlddir=''
libc_cv_slibdir='/lib'
libc_cv_ssp='yes'
libc_cv_static_nss_crypt='no'
libc_cv_sysconfdir='/etc'
libc_cv_textrel_ifunc='yes'
libc_cv_with_fp='yes'
libc_cv_z_combreloc='yes'
libc_cv_z_execstack='yes'
libc_extra_cflags=''
libc_extra_cppflags=''
libdir='${exec_prefix}/lib'
libexecdir='${exec_prefix}/libexec'
localedir='${datarootdir}/locale'
localstatedir='${prefix}/var'
mach_interface_list=''
mandir='${datarootdir}/man'
multi_arch='no'
no_stack_protector='-fno-stack-protector -DSTACK_PROTECTOR_LEVEL=0'
oldincludedir='/usr/include'
pdfdir='${docdir}'
prefix='/usr'
profile='no'
program_transform_name='s,x,x,'
psdir='${docdir}'
sbindir='${exec_prefix}/sbin'
shared='yes'
sharedstatedir='${prefix}/com'
stack_protector='-fno-stack-protector'
static=''
static_nss='no'
subdirs=' '
submachine=''
sysconfdir='${prefix}/etc'
sysheaders='/mnt/lfs/usr/include'
sysnames=' sysdeps/unix/sysv/linux/arm/le sysdeps/unix/sysv/linux/arm sysdeps/arm/nptl sysdeps/unix/sysv/linux sysdeps/nptl sysdeps/pthread sysdeps/gnu sysdeps/unix/inet sysdeps/unix/sysv sysdeps/unix/arm sysdeps/unix sysdeps/posix sysdeps/arm/le sysdeps/arm sysdeps/wordsize-32 sysdeps/ieee754/flt-32 sysdeps/ieee754/dbl-64 sysdeps/ieee754 sysdeps/generic'
target_alias=''
use_default_link='no'
use_ldconfig='yes'
use_nscd='yes'

## ----------- ##
## confdefs.h. ##
## ----------- ##

/* confdefs.h */
#define PACKAGE_NAME "GNU C Library"
#define PACKAGE_TARNAME "glibc"
#define PACKAGE_VERSION "(see version.h)"
#define PACKAGE_STRING "GNU C Library (see version.h)"
#define PACKAGE_BUGREPORT "https://sourceware.org/bugzilla/"
#define PACKAGE_URL "https://www.gnu.org/software/glibc/"
#define PKGVERSION "(GNU libc) "
#define REPORT_BUGS_TO "<https://www.gnu.org/software/libc/bugs.html>"
#define HAVE_TUNABLES 1
#define HAVE_CC_NO_STACK_PROTECTOR 1
#define STACK_PROTECTOR_LEVEL 0
#define HAVE_ASM_SET_DIRECTIVE 1
#define HAVE_Z_COMBRELOC 1
#define HAVE_CC_INHIBIT_LOOP_TO_LIBCALL 1
#define HAVE_EHDR_START 1
#define HAVE_BUILTIN_TRAP 1
#define __LINUX_KERNEL_VERSION (3 * 65536 + 2 * 256 + 0)
#define __ABI_TAG_VERSION 3,2,0
#define HAVE_INLINED_SYSCALLS 1
#define PI_STATIC_AND_HIDDEN 1
#define HAVE_ARM_PCS_VFP 1
#define ARM_PCREL_MOVW_OK 1
#define HAVE_IFUNC 1
#define HAVE_GCC_IFUNC 1
#define USE_NSCD 1
#define USE_LDCONFIG 1

configure: exit 0
