This file contains any messages produced by compilers while
running configure, to aid debugging if configure makes a mistake.

It was created by configure, which was
generated by GNU Autoconf 2.69.  Invocation command line was

  $ ../configure --prefix=/usr --build=armv7l-unknown-linux-gnueabihf --host=armv7l-lfs-linux-gnueabihf --disable-nls --enable-shared --disable-werror --enable-64-bit-bfd

## --------- ##
## Platform. ##
## --------- ##

hostname = pilfs
uname -m = armv7l
uname -r = 4.19.37-v7+
uname -s = Linux
uname -v = #1216 SMP Thu May 2 13:32:40 BST 2019

/usr/bin/uname -p = unknown
/bin/uname -X     = unknown

/bin/arch              = unknown
/usr/bin/arch -k       = unknown
/usr/convex/getsysinfo = unknown
/usr/bin/hostinfo      = unknown
/bin/machine           = unknown
/usr/bin/oslevel       = unknown
/bin/universe          = unknown

PATH: /mnt/lfs/tools/bin
PATH: /bin
PATH: /usr/bin


## ----------- ##
## Core tests. ##
## ----------- ##

configure:2390: checking build system type
configure:2404: result: armv7l-unknown-linux-gnueabihf
configure:2451: checking host system type
configure:2464: result: armv7l-lfs-linux-gnueabihf
configure:2484: checking target system type
configure:2497: result: armv7l-lfs-linux-gnueabihf
configure:2551: checking for a BSD-compatible install
configure:2619: result: /usr/bin/install -c
configure:2630: checking whether ln works
configure:2652: result: yes
configure:2656: checking whether ln -s works
configure:2660: result: yes
configure:2667: checking for a sed that does not truncate output
configure:2731: result: /bin/sed
configure:2740: checking for gawk
configure:2756: found /usr/bin/gawk
configure:2767: result: gawk
configure:4066: checking for armv7l-lfs-linux-gnueabihf-gcc
configure:4082: found /mnt/lfs/tools/bin/armv7l-lfs-linux-gnueabihf-gcc
configure:4093: result: armv7l-lfs-linux-gnueabihf-gcc
configure:4362: checking for C compiler version
configure:4371: armv7l-lfs-linux-gnueabihf-gcc --version >&5
armv7l-lfs-linux-gnueabihf-gcc (GCC) 10.2.0
Copyright (C) 2020 Free Software Foundation, Inc.
This is free software; see the source for copying conditions.  There is NO
warranty; not even for MERCHANTABILITY or FITNESS FOR A PARTICULAR PURPOSE.

configure:4382: $? = 0
configure:4371: armv7l-lfs-linux-gnueabihf-gcc -v >&5
Using built-in specs.
COLLECT_GCC=armv7l-lfs-linux-gnueabihf-gcc
COLLECT_LTO_WRAPPER=/mnt/lfs/tools/libexec/gcc/armv7l-lfs-linux-gnueabihf/10.2.0/lto-wrapper
Target: armv7l-lfs-linux-gnueabihf
Configured with: ../configure --target=armv7l-lfs-linux-gnueabihf --prefix=/mnt/lfs/tools --with-glibc-version=2.11 --with-sysroot=/mnt/lfs --with-newlib --without-headers --enable-initfini-array --disable-nls --disable-shared --disable-multilib --disable-decimal-float --disable-threads --disable-libatomic --disable-libgomp --disable-libquadmath --disable-libssp --disable-libvtv --disable-libstdcxx --enable-languages=c,c++
Thread model: single
Supported LTO compression algorithms: zlib
gcc version 10.2.0 (GCC) 
configure:4382: $? = 0
configure:4371: armv7l-lfs-linux-gnueabihf-gcc -V >&5
armv7l-lfs-linux-gnueabihf-gcc: error: unrecognized command-line option '-V'
armv7l-lfs-linux-gnueabihf-gcc: fatal error: no input files
compilation terminated.
configure:4382: $? = 1
configure:4371: armv7l-lfs-linux-gnueabihf-gcc -qversion >&5
armv7l-lfs-linux-gnueabihf-gcc: error: unrecognized command-line option '-qversion'; did you mean '--version'?
armv7l-lfs-linux-gnueabihf-gcc: fatal error: no input files
compilation terminated.
configure:4382: $? = 1
configure:4402: checking whether the C compiler works
configure:4424: armv7l-lfs-linux-gnueabihf-gcc    conftest.c  >&5
configure:4428: $? = 0
configure:4476: result: yes
configure:4479: checking for C compiler default output file name
configure:4481: result: a.out
configure:4487: checking for suffix of executables
configure:4494: armv7l-lfs-linux-gnueabihf-gcc -o conftest    conftest.c  >&5
configure:4498: $? = 0
configure:4520: result: 
configure:4542: checking whether we are cross compiling
configure:4580: result: yes
configure:4585: checking for suffix of object files
configure:4607: armv7l-lfs-linux-gnueabihf-gcc -c   conftest.c >&5
configure:4611: $? = 0
configure:4632: result: o
configure:4636: checking whether we are using the GNU C compiler
configure:4655: armv7l-lfs-linux-gnueabihf-gcc -c   conftest.c >&5
configure:4655: $? = 0
configure:4664: result: yes
configure:4673: checking whether armv7l-lfs-linux-gnueabihf-gcc accepts -g
configure:4693: armv7l-lfs-linux-gnueabihf-gcc -c -g  conftest.c >&5
configure:4693: $? = 0
configure:4734: result: yes
configure:4751: checking for armv7l-lfs-linux-gnueabihf-gcc option to accept ISO C89
configure:4814: armv7l-lfs-linux-gnueabihf-gcc  -c -g -O2  conftest.c >&5
configure:4814: $? = 0
configure:4827: result: none needed
configure:4861: checking for armv7l-lfs-linux-gnueabihf-g++
configure:4877: found /mnt/lfs/tools/bin/armv7l-lfs-linux-gnueabihf-g++
configure:4888: result: armv7l-lfs-linux-gnueabihf-g++
configure:4959: checking for C++ compiler version
configure:4968: armv7l-lfs-linux-gnueabihf-g++ --version >&5
armv7l-lfs-linux-gnueabihf-g++ (GCC) 10.2.0
Copyright (C) 2020 Free Software Foundation, Inc.
This is free software; see the source for copying conditions.  There is NO
warranty; not even for MERCHANTABILITY or FITNESS FOR A PARTICULAR PURPOSE.

configure:4979: $? = 0
configure:4968: armv7l-lfs-linux-gnueabihf-g++ -v >&5
Using built-in specs.
COLLECT_GCC=armv7l-lfs-linux-gnueabihf-g++
COLLECT_LTO_WRAPPER=/mnt/lfs/tools/libexec/gcc/armv7l-lfs-linux-gnueabihf/10.2.0/lto-wrapper
Target: armv7l-lfs-linux-gnueabihf
Configured with: ../configure --target=armv7l-lfs-linux-gnueabihf --prefix=/mnt/lfs/tools --with-glibc-version=2.11 --with-sysroot=/mnt/lfs --with-newlib --without-headers --enable-initfini-array --disable-nls --disable-shared --disable-multilib --disable-decimal-float --disable-threads --disable-libatomic --disable-libgomp --disable-libquadmath --disable-libssp --disable-libvtv --disable-libstdcxx --enable-languages=c,c++
Thread model: single
Supported LTO compression algorithms: zlib
gcc version 10.2.0 (GCC) 
configure:4979: $? = 0
configure:4968: armv7l-lfs-linux-gnueabihf-g++ -V >&5
armv7l-lfs-linux-gnueabihf-g++: error: unrecognized command-line option '-V'
armv7l-lfs-linux-gnueabihf-g++: fatal error: no input files
compilation terminated.
configure:4979: $? = 1
configure:4968: armv7l-lfs-linux-gnueabihf-g++ -qversion >&5
armv7l-lfs-linux-gnueabihf-g++: error: unrecognized command-line option '-qversion'; did you mean '--version'?
armv7l-lfs-linux-gnueabihf-g++: fatal error: no input files
compilation terminated.
configure:4979: $? = 1
configure:4983: checking whether we are using the GNU C++ compiler
configure:5002: armv7l-lfs-linux-gnueabihf-g++ -c   conftest.cpp >&5
configure:5002: $? = 0
configure:5011: result: yes
configure:5020: checking whether armv7l-lfs-linux-gnueabihf-g++ accepts -g
configure:5040: armv7l-lfs-linux-gnueabihf-g++ -c -g  conftest.cpp >&5
configure:5040: $? = 0
configure:5081: result: yes
configure:5130: checking whether g++ accepts -static-libstdc++ -static-libgcc
configure:5147: armv7l-lfs-linux-gnueabihf-g++ -o conftest -g -O2   -static-libstdc++ -static-libgcc conftest.cpp  >&5
configure:5147: $? = 0
configure:5148: result: yes
configure:5172: checking for armv7l-lfs-linux-gnueabihf-gnatbind
configure:5202: result: no
configure:5212: checking for gnatbind
configure:5242: result: no
configure:5264: checking for armv7l-lfs-linux-gnueabihf-gnatmake
configure:5294: result: no
configure:5304: checking for gnatmake
configure:5334: result: no
configure:5353: checking whether compiler driver understands Ada
configure:5376: result: no
configure:5385: checking how to compare bootstrapped objects
configure:5410: result: cmp --ignore-initial=16 $$f1 $$f2
configure:5470: checking for objdir
configure:5485: result: .libs
configure:5516: checking whether to use debuginfod
configure:5518: result: auto
configure:5525: checking for debuginfod_begin in -ldebuginfod
configure:5550: armv7l-lfs-linux-gnueabihf-gcc -o conftest -g -O2   conftest.c -ldebuginfod   >&5
/mnt/lfs/tools/lib/gcc/armv7l-lfs-linux-gnueabihf/10.2.0/../../../../armv7l-lfs-linux-gnueabihf/bin/ld: cannot find -ldebuginfod
collect2: error: ld returned 1 exit status
configure:5550: $? = 1
configure: failed program was:
| /* confdefs.h */
| #define PACKAGE_NAME ""
| #define PACKAGE_TARNAME ""
| #define PACKAGE_VERSION ""
| #define PACKAGE_STRING ""
| #define PACKAGE_BUGREPORT ""
| #define PACKAGE_URL ""
| #define LT_OBJDIR ".libs/"
| /* end confdefs.h.  */
| 
| /* Override any GCC internal prototype to avoid an error.
|    Use char because int might match the return type of a GCC
|    builtin and then its argument prototype would still apply.  */
| #ifdef __cplusplus
| extern "C"
| #endif
| char debuginfod_begin ();
| int
| main ()
| {
| return debuginfod_begin ();
|   ;
|   return 0;
| }
configure:5559: result: no
configure:5565: checking whether debuginfod_begin is declared
configure:5565: armv7l-lfs-linux-gnueabihf-gcc -c -g -O2  conftest.c >&5
conftest.c:10:10: fatal error: elfutils/debuginfod.h: No such file or directory
   10 | #include <elfutils/debuginfod.h>
      |          ^~~~~~~~~~~~~~~~~~~~~~~
compilation terminated.
configure:5565: $? = 1
configure: failed program was:
| /* confdefs.h */
| #define PACKAGE_NAME ""
| #define PACKAGE_TARNAME ""
| #define PACKAGE_VERSION ""
| #define PACKAGE_STRING ""
| #define PACKAGE_BUGREPORT ""
| #define PACKAGE_URL ""
| #define LT_OBJDIR ".libs/"
| /* end confdefs.h.  */
| #include <elfutils/debuginfod.h>
| 
| int
| main ()
| {
| #ifndef debuginfod_begin
| #ifdef __cplusplus
|   (void) debuginfod_begin;
| #else
|   (void) debuginfod_begin;
| #endif
| #endif
| 
|   ;
|   return 0;
| }
configure:5565: result: no
configure:5583: WARNING: debuginfod is missing or unusable; some features may be unavailable.
configure:6136: checking for isl 0.15 or later
configure:6149: armv7l-lfs-linux-gnueabihf-gcc -o conftest -g -O2      -lisl -lmpc -lmpfr -lgmp conftest.c  -lisl -lgmp >&5
conftest.c:10:10: fatal error: isl/schedule.h: No such file or directory
   10 | #include <isl/schedule.h>
      |          ^~~~~~~~~~~~~~~~
compilation terminated.
configure:6149: $? = 1
configure: failed program was:
| /* confdefs.h */
| #define PACKAGE_NAME ""
| #define PACKAGE_TARNAME ""
| #define PACKAGE_VERSION ""
| #define PACKAGE_STRING ""
| #define PACKAGE_BUGREPORT ""
| #define PACKAGE_URL ""
| #define LT_OBJDIR ".libs/"
| /* end confdefs.h.  */
| #include <isl/schedule.h>
| int
| main ()
| {
| isl_options_set_schedule_serialize_sccs (NULL, 0);
|   ;
|   return 0;
| }
configure:6156: result: no
configure:6160: result: required isl version is 0.15 or later
configure:7253: checking for default BUILD_CONFIG
configure:7285: result: 
configure:7290: checking for --enable-vtable-verify
configure:7303: result: no
configure:7915: checking for bison
configure:7931: found /usr/bin/bison
configure:7942: result: bison -y
configure:7962: checking for bison
configure:7978: found /usr/bin/bison
configure:7989: result: bison
configure:8009: checking for gm4
configure:8039: result: no
configure:8009: checking for gnum4
configure:8039: result: no
configure:8009: checking for m4
configure:8025: found /usr/bin/m4
configure:8036: result: m4
configure:8056: checking for flex
configure:8072: found /usr/bin/flex
configure:8083: result: flex
configure:8104: checking for flex
configure:8120: found /usr/bin/flex
configure:8131: result: flex
configure:8151: checking for makeinfo
configure:8167: found /usr/bin/makeinfo
configure:8178: result: makeinfo
configure:8212: checking for expect
configure:8242: result: no
configure:8261: checking for runtest
configure:8291: result: no
configure:8367: checking for armv7l-lfs-linux-gnueabihf-ar
configure:8383: found /mnt/lfs/tools/bin/armv7l-lfs-linux-gnueabihf-ar
configure:8394: result: armv7l-lfs-linux-gnueabihf-ar
configure:8508: checking for armv7l-lfs-linux-gnueabihf-as
configure:8524: found /mnt/lfs/tools/bin/armv7l-lfs-linux-gnueabihf-as
configure:8535: result: armv7l-lfs-linux-gnueabihf-as
configure:8649: checking for armv7l-lfs-linux-gnueabihf-dlltool
configure:8679: result: no
configure:8748: checking for ld
configure:8775: result: /mnt/lfs/tools/lib/gcc/armv7l-lfs-linux-gnueabihf/10.2.0/../../../../armv7l-lfs-linux-gnueabihf/bin/ld
configure:8790: checking for armv7l-lfs-linux-gnueabihf-ld
configure:8817: result: /mnt/lfs/tools/lib/gcc/armv7l-lfs-linux-gnueabihf/10.2.0/../../../../armv7l-lfs-linux-gnueabihf/bin/ld
configure:8931: checking for armv7l-lfs-linux-gnueabihf-lipo
configure:8961: result: no
configure:9072: checking for armv7l-lfs-linux-gnueabihf-nm
configure:9088: found /mnt/lfs/tools/bin/armv7l-lfs-linux-gnueabihf-nm
configure:9099: result: armv7l-lfs-linux-gnueabihf-nm
configure:9213: checking for armv7l-lfs-linux-gnueabihf-ranlib
configure:9229: found /mnt/lfs/tools/bin/armv7l-lfs-linux-gnueabihf-ranlib
configure:9240: result: armv7l-lfs-linux-gnueabihf-ranlib
configure:9349: checking for armv7l-lfs-linux-gnueabihf-strip
configure:9365: found /mnt/lfs/tools/bin/armv7l-lfs-linux-gnueabihf-strip
configure:9376: result: armv7l-lfs-linux-gnueabihf-strip
configure:9485: checking for armv7l-lfs-linux-gnueabihf-windres
configure:9515: result: no
configure:9626: checking for armv7l-lfs-linux-gnueabihf-windmc
configure:9656: result: no
configure:9767: checking for armv7l-lfs-linux-gnueabihf-objcopy
configure:9783: found /mnt/lfs/tools/bin/armv7l-lfs-linux-gnueabihf-objcopy
configure:9794: result: armv7l-lfs-linux-gnueabihf-objcopy
configure:9908: checking for armv7l-lfs-linux-gnueabihf-objdump
configure:9924: found /mnt/lfs/tools/bin/armv7l-lfs-linux-gnueabihf-objdump
configure:9935: result: armv7l-lfs-linux-gnueabihf-objdump
configure:10049: checking for armv7l-lfs-linux-gnueabihf-readelf
configure:10065: found /mnt/lfs/tools/bin/armv7l-lfs-linux-gnueabihf-readelf
configure:10076: result: armv7l-lfs-linux-gnueabihf-readelf
configure:13966: checking where to find the target ar
configure:13976: result: pre-installed
configure:14008: checking where to find the target as
configure:14018: result: pre-installed
configure:14050: checking where to find the target cc
configure:14060: result: pre-installed
configure:14092: checking where to find the target c++
configure:14102: result: pre-installed
configure:14137: checking where to find the target c++ for libstdc++
configure:14147: result: pre-installed
configure:14182: checking where to find the target dlltool
configure:14192: result: pre-installed
configure:14224: checking where to find the target gcc
configure:14234: result: pre-installed
configure:14266: checking where to find the target gfortran
configure:14276: result: pre-installed
configure:14311: checking where to find the target gccgo
configure:14321: result: pre-installed
configure:14356: checking where to find the target ld
configure:14366: result: pre-installed
configure:14398: checking where to find the target lipo
configure:14408: result: pre-installed
configure:14429: checking where to find the target nm
configure:14439: result: pre-installed
configure:14471: checking where to find the target objcopy
configure:14481: result: pre-installed
configure:14513: checking where to find the target objdump
configure:14523: result: pre-installed
configure:14555: checking where to find the target ranlib
configure:14565: result: pre-installed
configure:14597: checking where to find the target readelf
configure:14607: result: pre-installed
configure:14639: checking where to find the target strip
configure:14649: result: pre-installed
configure:14681: checking where to find the target windres
configure:14691: result: pre-installed
configure:14723: checking where to find the target windmc
configure:14733: result: pre-installed
configure:14793: checking whether to enable maintainer-specific portions of Makefiles
configure:14802: result: no
configure:15037: creating ./config.status

## ---------------------- ##
## Running config.status. ##
## ---------------------- ##

This file was extended by config.status, which was
generated by GNU Autoconf 2.69.  Invocation command line was

  CONFIG_FILES    = 
  CONFIG_HEADERS  = 
  CONFIG_LINKS    = 
  CONFIG_COMMANDS = 
  $ ./config.status 

on pilfs

config.status:972: creating Makefile

## ---------------- ##
## Cache variables. ##
## ---------------- ##

ac_cv_build=armv7l-unknown-linux-gnueabihf
ac_cv_c_compiler_gnu=yes
ac_cv_cxx_compiler_gnu=yes
ac_cv_env_AR_FOR_TARGET_set=
ac_cv_env_AR_FOR_TARGET_value=
ac_cv_env_AR_set=
ac_cv_env_AR_value=
ac_cv_env_AS_FOR_TARGET_set=
ac_cv_env_AS_FOR_TARGET_value=
ac_cv_env_AS_set=
ac_cv_env_AS_value=
ac_cv_env_CCC_set=
ac_cv_env_CCC_value=
ac_cv_env_CC_FOR_TARGET_set=
ac_cv_env_CC_FOR_TARGET_value=
ac_cv_env_CC_set=
ac_cv_env_CC_value=
ac_cv_env_CFLAGS_set=
ac_cv_env_CFLAGS_value=
ac_cv_env_CPPFLAGS_set=
ac_cv_env_CPPFLAGS_value=
ac_cv_env_CXXFLAGS_set=
ac_cv_env_CXXFLAGS_value=
ac_cv_env_CXX_FOR_TARGET_set=
ac_cv_env_CXX_FOR_TARGET_value=
ac_cv_env_CXX_set=
ac_cv_env_CXX_value=
ac_cv_env_DLLTOOL_FOR_TARGET_set=
ac_cv_env_DLLTOOL_FOR_TARGET_value=
ac_cv_env_DLLTOOL_set=
ac_cv_env_DLLTOOL_value=
ac_cv_env_GCC_FOR_TARGET_set=
ac_cv_env_GCC_FOR_TARGET_value=
ac_cv_env_GFORTRAN_FOR_TARGET_set=
ac_cv_env_GFORTRAN_FOR_TARGET_value=
ac_cv_env_GOC_FOR_TARGET_set=
ac_cv_env_GOC_FOR_TARGET_value=
ac_cv_env_LDFLAGS_set=
ac_cv_env_LDFLAGS_value=
ac_cv_env_LD_FOR_TARGET_set=
ac_cv_env_LD_FOR_TARGET_value=
ac_cv_env_LD_set=
ac_cv_env_LD_value=
ac_cv_env_LIBS_set=
ac_cv_env_LIBS_value=
ac_cv_env_LIPO_FOR_TARGET_set=
ac_cv_env_LIPO_FOR_TARGET_value=
ac_cv_env_LIPO_set=
ac_cv_env_LIPO_value=
ac_cv_env_NM_FOR_TARGET_set=
ac_cv_env_NM_FOR_TARGET_value=
ac_cv_env_NM_set=
ac_cv_env_NM_value=
ac_cv_env_OBJCOPY_FOR_TARGET_set=
ac_cv_env_OBJCOPY_FOR_TARGET_value=
ac_cv_env_OBJCOPY_set=
ac_cv_env_OBJCOPY_value=
ac_cv_env_OBJDUMP_FOR_TARGET_set=
ac_cv_env_OBJDUMP_FOR_TARGET_value=
ac_cv_env_OBJDUMP_set=
ac_cv_env_OBJDUMP_value=
ac_cv_env_RANLIB_FOR_TARGET_set=
ac_cv_env_RANLIB_FOR_TARGET_value=
ac_cv_env_RANLIB_set=
ac_cv_env_RANLIB_value=
ac_cv_env_READELF_FOR_TARGET_set=
ac_cv_env_READELF_FOR_TARGET_value=
ac_cv_env_READELF_set=
ac_cv_env_READELF_value=
ac_cv_env_STRIP_FOR_TARGET_set=
ac_cv_env_STRIP_FOR_TARGET_value=
ac_cv_env_STRIP_set=
ac_cv_env_STRIP_value=
ac_cv_env_WINDMC_FOR_TARGET_set=
ac_cv_env_WINDMC_FOR_TARGET_value=
ac_cv_env_WINDMC_set=
ac_cv_env_WINDMC_value=
ac_cv_env_WINDRES_FOR_TARGET_set=
ac_cv_env_WINDRES_FOR_TARGET_value=
ac_cv_env_WINDRES_set=
ac_cv_env_WINDRES_value=
ac_cv_env_build_alias_set=set
ac_cv_env_build_alias_value=armv7l-unknown-linux-gnueabihf
ac_cv_env_build_configargs_set=
ac_cv_env_build_configargs_value=
ac_cv_env_host_alias_set=set
ac_cv_env_host_alias_value=armv7l-lfs-linux-gnueabihf
ac_cv_env_host_configargs_set=
ac_cv_env_host_configargs_value=
ac_cv_env_target_alias_set=
ac_cv_env_target_alias_value=
ac_cv_env_target_configargs_set=
ac_cv_env_target_configargs_value=
ac_cv_have_decl_debuginfod_begin=no
ac_cv_host=armv7l-lfs-linux-gnueabihf
ac_cv_lib_debuginfod_debuginfod_begin=no
ac_cv_objext=o
ac_cv_path_SED=/bin/sed
ac_cv_path_install='/usr/bin/install -c'
ac_cv_prog_AR=armv7l-lfs-linux-gnueabihf-ar
ac_cv_prog_AS=armv7l-lfs-linux-gnueabihf-as
ac_cv_prog_AWK=gawk
ac_cv_prog_BISON=bison
ac_cv_prog_CC=armv7l-lfs-linux-gnueabihf-gcc
ac_cv_prog_CXX=armv7l-lfs-linux-gnueabihf-g++
ac_cv_prog_FLEX=flex
ac_cv_prog_LD=/mnt/lfs/tools/lib/gcc/armv7l-lfs-linux-gnueabihf/10.2.0/../../../../armv7l-lfs-linux-gnueabihf/bin/ld
ac_cv_prog_LEX=flex
ac_cv_prog_M4=m4
ac_cv_prog_MAKEINFO=makeinfo
ac_cv_prog_NM=armv7l-lfs-linux-gnueabihf-nm
ac_cv_prog_OBJCOPY=armv7l-lfs-linux-gnueabihf-objcopy
ac_cv_prog_OBJDUMP=armv7l-lfs-linux-gnueabihf-objdump
ac_cv_prog_RANLIB=armv7l-lfs-linux-gnueabihf-ranlib
ac_cv_prog_READELF=armv7l-lfs-linux-gnueabihf-readelf
ac_cv_prog_STRIP=armv7l-lfs-linux-gnueabihf-strip
ac_cv_prog_YACC='bison -y'
ac_cv_prog_cc_c89=
ac_cv_prog_cc_g=yes
ac_cv_prog_cxx_g=yes
ac_cv_target=armv7l-lfs-linux-gnueabihf
acx_cv_cc_gcc_supports_ada=no
acx_cv_prog_LN=ln
gcc_cv_isl=no
gcc_cv_prog_cmp_skip='cmp --ignore-initial=16 $$f1 $$f2'
gcc_cv_tool_dirs=
gcc_cv_tool_prefix=/usr
lt_cv_objdir=.libs

## ----------------- ##
## Output variables. ##
## ----------------- ##

AR='armv7l-lfs-linux-gnueabihf-ar'
AR_FOR_BUILD='ar'
AR_FOR_TARGET='ar'
AS='armv7l-lfs-linux-gnueabihf-as'
AS_FOR_BUILD='as'
AS_FOR_TARGET='as'
AWK='gawk'
BISON='bison'
BUILD_CONFIG=''
CC='armv7l-lfs-linux-gnueabihf-gcc'
CC_FOR_BUILD='gcc'
CC_FOR_TARGET='cc'
CFLAGS='-g -O2'
CFLAGS_FOR_BUILD=''
CFLAGS_FOR_TARGET='-g -O2'
COMPILER_AS_FOR_TARGET='$(AS_FOR_TARGET)'
COMPILER_LD_FOR_TARGET='$(LD_FOR_TARGET)'
COMPILER_NM_FOR_TARGET='$(NM_FOR_TARGET)'
CONFIGURE_GDB_TK=''
CPPFLAGS=''
CXX='armv7l-lfs-linux-gnueabihf-g++'
CXXFLAGS='-g -O2'
CXXFLAGS_FOR_BUILD=''
CXXFLAGS_FOR_TARGET='-g -O2'
CXX_FOR_BUILD='g++'
CXX_FOR_TARGET='c++'
DEBUG_PREFIX_CFLAGS_FOR_TARGET=''
DEFS='-DPACKAGE_NAME=\"\" -DPACKAGE_TARNAME=\"\" -DPACKAGE_VERSION=\"\" -DPACKAGE_STRING=\"\" -DPACKAGE_BUGREPORT=\"\" -DPACKAGE_URL=\"\" -DLT_OBJDIR=\".libs/\"'
DLLTOOL='armv7l-lfs-linux-gnueabihf-dlltool'
DLLTOOL_FOR_BUILD='dlltool'
DLLTOOL_FOR_TARGET='dlltool'
ECHO_C=''
ECHO_N='-n'
ECHO_T=''
EXEEXT=''
EXPECT='expect'
FLAGS_FOR_TARGET=' -L$$r/$(HOST_SUBDIR)/ld'
FLEX='flex'
GCC_FOR_TARGET='cc'
GCC_SHLIB_SUBDIR=''
GDB_TK=''
GFORTRAN_FOR_BUILD='gfortran'
GFORTRAN_FOR_TARGET='gfortran'
GNATBIND='no'
GNATMAKE='no'
GOC_FOR_BUILD='gccgo'
GOC_FOR_TARGET='gccgo'
INSTALL_DATA='${INSTALL} -m 644'
INSTALL_GDB_TK=''
INSTALL_PROGRAM='${INSTALL}'
INSTALL_SCRIPT='${INSTALL}'
LD='/mnt/lfs/tools/lib/gcc/armv7l-lfs-linux-gnueabihf/10.2.0/../../../../armv7l-lfs-linux-gnueabihf/bin/ld'
LDFLAGS=''
LDFLAGS_FOR_BUILD=''
LDFLAGS_FOR_TARGET=''
LD_FOR_BUILD='ld'
LD_FOR_TARGET='ld'
LEX='flex'
LIBDEBUGINFOD=''
LIBOBJS=''
LIBS=''
LIPO='armv7l-lfs-linux-gnueabihf-lipo'
LIPO_FOR_TARGET='lipo'
LN='ln'
LN_S='ln -s'
LTLIBOBJS=''
M4='m4'
MAINT='#'
MAINTAINER_MODE_FALSE=''
MAINTAINER_MODE_TRUE='#'
MAKEINFO='makeinfo'
NM='armv7l-lfs-linux-gnueabihf-nm'
NM_FOR_BUILD='nm'
NM_FOR_TARGET='nm'
OBJCOPY='armv7l-lfs-linux-gnueabihf-objcopy'
OBJCOPY_FOR_TARGET='objcopy'
OBJDUMP='armv7l-lfs-linux-gnueabihf-objdump'
OBJDUMP_FOR_TARGET='objdump'
OBJEXT='o'
PACKAGE_BUGREPORT=''
PACKAGE_NAME=''
PACKAGE_STRING=''
PACKAGE_TARNAME=''
PACKAGE_URL=''
PACKAGE_VERSION=''
PATH_SEPARATOR=':'
RANLIB='armv7l-lfs-linux-gnueabihf-ranlib'
RANLIB_FOR_BUILD='ranlib'
RANLIB_FOR_TARGET='ranlib'
RAW_CXX_FOR_TARGET='c++'
READELF='armv7l-lfs-linux-gnueabihf-readelf'
READELF_FOR_TARGET='readelf'
RPATH_ENVVAR='LD_LIBRARY_PATH'
RUNTEST='runtest'
SED='/bin/sed'
SHELL='/bin/sh'
STRIP='armv7l-lfs-linux-gnueabihf-strip'
STRIP_FOR_TARGET='strip'
SYSROOT_CFLAGS_FOR_TARGET=''
TOPLEVEL_CONFIGURE_ARGUMENTS='../configure --prefix=/usr --build=armv7l-unknown-linux-gnueabihf --host=armv7l-lfs-linux-gnueabihf --disable-nls --enable-shared --disable-werror --enable-64-bit-bfd'
WINDMC='armv7l-lfs-linux-gnueabihf-windmc'
WINDMC_FOR_BUILD='windmc'
WINDMC_FOR_TARGET='windmc'
WINDRES='armv7l-lfs-linux-gnueabihf-windres'
WINDRES_FOR_BUILD='windres'
WINDRES_FOR_TARGET='windres'
YACC='bison -y'
ac_ct_CC=''
ac_ct_CXX=''
bindir='${exec_prefix}/bin'
build='armv7l-unknown-linux-gnueabihf'
build_alias='armv7l-unknown-linux-gnueabihf'
build_configargs=' --cache-file=./config.cache '\''--prefix=/usr'\'' '\''--disable-nls'\'' '\''--enable-shared'\'' '\''--disable-werror'\'' '\''--enable-64-bit-bfd'\'' --program-transform-name='\''s,y,y,'\'' --disable-option-checking'
build_configdirs=' libiberty'
build_cpu='armv7l'
build_libsubdir='build-armv7l-unknown-linux-gnueabihf'
build_noncanonical='armv7l-unknown-linux-gnueabihf'
build_os='linux-gnueabihf'
build_subdir='build-armv7l-unknown-linux-gnueabihf'
build_tooldir='${exec_prefix}/armv7l-lfs-linux-gnueabihf'
build_vendor='unknown'
compare_exclusions='gcc/cc*-checksum$(objext) | gcc/ada/*tools/*'
configdirs=' intl libiberty opcodes bfd zlib libctf binutils gas ld gprof etc'
datadir='${datarootdir}'
datarootdir='${prefix}/share'
do_compare='cmp --ignore-initial=16 $$f1 $$f2'
docdir='${datarootdir}/doc/${PACKAGE}'
dvidir='${docdir}'
exec_prefix='${prefix}'
extra_host_libiberty_configure_flags=''
extra_host_zlib_configure_flags='--enable-host-shared'
extra_isl_gmp_configure_flags=''
extra_liboffloadmic_configure_flags=''
extra_linker_plugin_configure_flags=''
extra_linker_plugin_flags=''
extra_mpc_gmp_configure_flags=''
extra_mpc_mpfr_configure_flags=''
extra_mpfr_configure_flags=''
get_gcc_base_ver='cat'
gmpinc=''
gmplibs='-lmpc -lmpfr -lgmp'
host='armv7l-lfs-linux-gnueabihf'
host_alias='armv7l-lfs-linux-gnueabihf'
host_configargs=' --cache-file=./config.cache  --with-gnu-as --with-gnu-ld '\''--prefix=/usr'\'' '\''--disable-nls'\'' '\''--enable-shared'\'' '\''--disable-werror'\'' '\''--enable-64-bit-bfd'\'' --program-transform-name='\''s,y,y,'\'' --disable-option-checking'
host_cpu='armv7l'
host_noncanonical='armv7l-lfs-linux-gnueabihf'
host_os='linux-gnueabihf'
host_shared='no'
host_subdir='.'
host_vendor='lfs'
htmldir='${docdir}'
includedir='${prefix}/include'
infodir='${datarootdir}/info'
islinc=''
isllibs=''
libdir='${exec_prefix}/lib'
libexecdir='${exec_prefix}/libexec'
localedir='${datarootdir}/locale'
localstatedir='${prefix}/var'
mandir='${datarootdir}/man'
oldincludedir='/usr/include'
pdfdir='${docdir}'
poststage1_ldflags='-static-libstdc++ -static-libgcc'
poststage1_libs=''
prefix='/usr'
program_transform_name='s,y,y,'
psdir='${docdir}'
sbindir='${exec_prefix}/sbin'
sharedstatedir='${prefix}/com'
stage1_cflags='-g'
stage1_checking='--enable-checking=yes,types'
stage1_languages=',c,'
stage1_ldflags=''
stage1_libs=''
stage2_werror_flag=''
sysconfdir='${prefix}/etc'
target='armv7l-lfs-linux-gnueabihf'
target_alias=''
target_configargs='--cache-file=./config.cache --enable-multilib   '\''--prefix=/usr'\'' '\''--disable-nls'\'' '\''--enable-shared'\'' '\''--disable-werror'\'' '\''--enable-64-bit-bfd'\'' --program-transform-name='\''s,y,y,'\'' --disable-option-checking'
target_configdirs=''
target_cpu='armv7l'
target_noncanonical='armv7l-lfs-linux-gnueabihf'
target_os='linux-gnueabihf'
target_subdir='armv7l-lfs-linux-gnueabihf'
target_vendor='lfs'
tooldir='${exec_prefix}/armv7l-lfs-linux-gnueabihf'

## ------------------- ##
## File substitutions. ##
## ------------------- ##

alphaieee_frag='/dev/null'
host_makefile_frag='/dev/null'
ospace_frag='/dev/null'
serialization_dependencies='serdep.tmp'
target_makefile_frag='../config/mt-gnu'

## ----------- ##
## confdefs.h. ##
## ----------- ##

/* confdefs.h */
#define PACKAGE_NAME ""
#define PACKAGE_TARNAME ""
#define PACKAGE_VERSION ""
#define PACKAGE_STRING ""
#define PACKAGE_BUGREPORT ""
#define PACKAGE_URL ""
#define LT_OBJDIR ".libs/"

configure: exit 0
