This file contains any messages produced by compilers while
running configure, to aid debugging if configure makes a mistake.

It was created by gettext configure 0.20.1, which was
generated by GNU Autoconf 2.69.  Invocation command line was

  $ ./configure --disable-shared --prefix=/tools --host=armv6l-lfs-linux-gnueabihf

## --------- ##
## Platform. ##
## --------- ##

hostname = pilfs
uname -m = armv6l
uname -r = 4.4.19+
uname -s = Linux
uname -v = #906 Tue Aug 23 15:40:04 BST 2016

/usr/bin/uname -p = unknown
/bin/uname -X     = unknown

/bin/arch              = unknown
/usr/bin/arch -k       = unknown
/usr/convex/getsysinfo = unknown
/usr/bin/hostinfo      = unknown
/bin/machine           = unknown
/usr/bin/oslevel       = unknown
/bin/universe          = unknown

PATH: /tools/bin
PATH: /bin
PATH: /usr/bin


## ----------- ##
## Core tests. ##
## ----------- ##

configure:1937: checking for a BSD-compatible install
configure:2005: result: /usr/bin/install -c
configure:2016: checking whether build environment is sane
configure:2071: result: yes
configure:2130: checking for armv6l-lfs-linux-gnueabihf-strip
configure:2160: result: no
configure:2170: checking for strip
configure:2186: found /usr/bin/strip
configure:2197: result: strip
configure:2222: checking for a thread-safe mkdir -p
configure:2261: result: /bin/mkdir -p
configure:2268: checking for gawk
configure:2284: found /usr/bin/gawk
configure:2295: result: gawk
configure:2306: checking whether make sets $(MAKE)
configure:2328: result: yes
configure:2357: checking whether make supports nested variables
configure:2374: result: yes
configure:2463: checking whether UID '1000' is supported by ustar format
configure:2466: result: yes
configure:2473: checking whether GID '1000' is supported by ustar format
configure:2476: result: yes
configure:2484: checking how to create a ustar tar archive
configure:2495: tar --version
tar (GNU tar) 1.29
Copyright (C) 2015 Free Software Foundation, Inc.
License GPLv3+: GNU GPL version 3 or later <http://gnu.org/licenses/gpl.html>.
This is free software: you are free to change and redistribute it.
There is NO WARRANTY, to the extent permitted by law.

Written by John Gilmore and Jay Fenlason.
configure:2498: $? = 0
configure:2538: tardir=conftest.dir && eval tar --format=ustar -chf - "$tardir" >conftest.tar
configure:2541: $? = 0
configure:2545: tar -xf - <conftest.tar
configure:2548: $? = 0
configure:2550: cat conftest.dir/file
GrepMe
configure:2553: $? = 0
configure:2566: result: gnutar
configure:2635: checking build system type
configure:2649: result: armv6l-unknown-linux-gnueabihf
configure:2669: checking host system type
configure:2682: result: armv6l-lfs-linux-gnueabihf
configure:3363: checking that generated files are newer than configure
configure:3369: result: done
configure:3377: creating ./config.status

## ---------------------- ##
## Running config.status. ##
## ---------------------- ##

This file was extended by gettext config.status 0.20.1, which was
generated by GNU Autoconf 2.69.  Invocation command line was

  CONFIG_FILES    = 
  CONFIG_HEADERS  = 
  CONFIG_LINKS    = 
  CONFIG_COMMANDS = 
  $ ./config.status 

on pilfs

config.status:765: creating Makefile
config.status:765: creating gnulib-local/Makefile
configure:4463: === configuring in gettext-runtime (/mnt/lfs/sources/gettext-0.20.1/gettext-runtime)
configure:4526: running /bin/sh ./configure --disable-option-checking '--prefix=/tools'  '--disable-shared' '--host=armv6l-lfs-linux-gnueabihf' 'host_alias=armv6l-lfs-linux-gnueabihf' --cache-file=/dev/null --srcdir=.
configure:4463: === configuring in libtextstyle (/mnt/lfs/sources/gettext-0.20.1/libtextstyle)
configure:4526: running /bin/sh ./configure --disable-option-checking '--prefix=/tools'  '--disable-shared' '--host=armv6l-lfs-linux-gnueabihf' 'host_alias=armv6l-lfs-linux-gnueabihf' --cache-file=/dev/null --srcdir=.
configure:4463: === configuring in gettext-tools (/mnt/lfs/sources/gettext-0.20.1/gettext-tools)
configure:4526: running /bin/sh ./configure --disable-option-checking '--prefix=/tools'  '--disable-shared' '--host=armv6l-lfs-linux-gnueabihf' 'host_alias=armv6l-lfs-linux-gnueabihf' --cache-file=/dev/null --srcdir=.

## ---------------- ##
## Cache variables. ##
## ---------------- ##

ac_cv_build=armv6l-unknown-linux-gnueabihf
ac_cv_env_CC_set=
ac_cv_env_CC_value=
ac_cv_env_CFLAGS_set=
ac_cv_env_CFLAGS_value=
ac_cv_env_CPPFLAGS_set=
ac_cv_env_CPPFLAGS_value=
ac_cv_env_CPP_set=
ac_cv_env_CPP_value=
ac_cv_env_CXXCPP_set=
ac_cv_env_CXXCPP_value=
ac_cv_env_CXXFLAGS_set=
ac_cv_env_CXXFLAGS_value=
ac_cv_env_CXX_set=
ac_cv_env_CXX_value=
ac_cv_env_EMACSLOADPATH_set=
ac_cv_env_EMACSLOADPATH_value=
ac_cv_env_EMACS_set=
ac_cv_env_EMACS_value=
ac_cv_env_LDFLAGS_set=
ac_cv_env_LDFLAGS_value=
ac_cv_env_LIBS_set=
ac_cv_env_LIBS_value=
ac_cv_env_LT_SYS_LIBRARY_PATH_set=
ac_cv_env_LT_SYS_LIBRARY_PATH_value=
ac_cv_env_YACC_set=
ac_cv_env_YACC_value=
ac_cv_env_YFLAGS_set=
ac_cv_env_YFLAGS_value=
ac_cv_env_build_alias_set=
ac_cv_env_build_alias_value=
ac_cv_env_host_alias_set=set
ac_cv_env_host_alias_value=armv6l-lfs-linux-gnueabihf
ac_cv_env_target_alias_set=
ac_cv_env_target_alias_value=
ac_cv_host=armv6l-lfs-linux-gnueabihf
ac_cv_path_install='/usr/bin/install -c'
ac_cv_path_mkdir=/bin/mkdir
ac_cv_prog_AWK=gawk
ac_cv_prog_ac_ct_STRIP=strip
ac_cv_prog_make_make_set=yes
am_cv_make_support_nested_variables=yes
am_cv_prog_tar_ustar=gnutar

## ----------------- ##
## Output variables. ##
## ----------------- ##

ACLOCAL='${SHELL} /mnt/lfs/sources/gettext-0.20.1/build-aux/missing aclocal-1.16'
AMTAR='$${TAR-tar}'
AM_BACKSLASH='\'
AM_DEFAULT_V='$(AM_DEFAULT_VERBOSITY)'
AM_DEFAULT_VERBOSITY='1'
AM_V='$(V)'
AUTOCONF='${SHELL} /mnt/lfs/sources/gettext-0.20.1/build-aux/missing autoconf'
AUTOHEADER='${SHELL} /mnt/lfs/sources/gettext-0.20.1/build-aux/missing autoheader'
AUTOMAKE='${SHELL} /mnt/lfs/sources/gettext-0.20.1/build-aux/missing automake-1.16'
AWK='gawk'
CC=''
CFLAGS=''
CPP=''
CPPFLAGS=''
CXX=''
CXXCPP=''
CXXFLAGS=''
CYGPATH_W='echo'
DEFS='-DPACKAGE_NAME=\"gettext\" -DPACKAGE_TARNAME=\"gettext\" -DPACKAGE_VERSION=\"0.20.1\" -DPACKAGE_STRING=\"gettext\ 0.20.1\" -DPACKAGE_BUGREPORT=\"bug-gettext@gnu.org\" -DPACKAGE_URL=\"\" -DPACKAGE=\"gettext\" -DVERSION=\"0.20.1\"'
ECHO_C=''
ECHO_N='-n'
ECHO_T=''
EMACS=''
EMACSLOADPATH=''
INSTALL_DATA='${INSTALL} -m 644'
INSTALL_PROGRAM='${INSTALL}'
INSTALL_SCRIPT='${INSTALL}'
INSTALL_STRIP_PROGRAM='$(install_sh) -c -s'
LDFLAGS=''
LIBOBJS=''
LIBS=''
LTLIBOBJS=''
LT_SYS_LIBRARY_PATH=''
MAKEINFO='${SHELL} /mnt/lfs/sources/gettext-0.20.1/build-aux/missing makeinfo'
MKDIR_P='/bin/mkdir -p'
PACKAGE='gettext'
PACKAGE_BUGREPORT='bug-gettext@gnu.org'
PACKAGE_NAME='gettext'
PACKAGE_STRING='gettext 0.20.1'
PACKAGE_TARNAME='gettext'
PACKAGE_URL=''
PACKAGE_VERSION='0.20.1'
PATH_SEPARATOR=':'
SET_MAKE=''
SHELL='/bin/sh'
STRIP='strip'
VERSION='0.20.1'
YACC=''
YFLAGS=''
am__isrc=''
am__leading_dot='.'
am__tar='${AMTAR} chf - --format=ustar --owner=root --group=root "$$tardir"'
am__untar='tar -xf -'
bindir='${exec_prefix}/bin'
build='armv6l-unknown-linux-gnueabihf'
build_alias=''
build_cpu='armv6l'
build_os='linux-gnueabihf'
build_vendor='unknown'
datadir='${datarootdir}'
datarootdir='${prefix}/share'
docdir='${datarootdir}/doc/${PACKAGE_TARNAME}'
dvidir='${docdir}'
exec_prefix='${prefix}'
host='armv6l-lfs-linux-gnueabihf'
host_alias='armv6l-lfs-linux-gnueabihf'
host_cpu='armv6l'
host_os='linux-gnueabihf'
host_vendor='lfs'
htmldir='${docdir}'
includedir='${prefix}/include'
infodir='${datarootdir}/info'
install_sh='${SHELL} /mnt/lfs/sources/gettext-0.20.1/build-aux/install-sh'
libdir='${exec_prefix}/lib'
libexecdir='${exec_prefix}/libexec'
localedir='${datarootdir}/locale'
localstatedir='${prefix}/var'
mandir='${datarootdir}/man'
mkdir_p='$(MKDIR_P)'
oldincludedir='/usr/include'
pdfdir='${docdir}'
prefix='/tools'
program_transform_name='s,x,x,'
psdir='${docdir}'
sbindir='${exec_prefix}/sbin'
sharedstatedir='${prefix}/com'
subdirs=' gettext-runtime libtextstyle gettext-tools'
sysconfdir='${prefix}/etc'
target_alias=''

## ----------- ##
## confdefs.h. ##
## ----------- ##

/* confdefs.h */
#define PACKAGE_NAME "gettext"
#define PACKAGE_TARNAME "gettext"
#define PACKAGE_VERSION "0.20.1"
#define PACKAGE_STRING "gettext 0.20.1"
#define PACKAGE_BUGREPORT "bug-gettext@gnu.org"
#define PACKAGE_URL ""
#define PACKAGE "gettext"
#define VERSION "0.20.1"

configure: exit 0
