This file contains any messages produced by compilers while
running configure, to aid debugging if configure makes a mistake.

It was created by configure, which was
generated by GNU Autoconf 2.69.  Invocation command line was

  $ ../configure --build=armv7l-unknown-linux-gnueabihf --host=armv7l-lfs-linux-gnueabihf --prefix=/usr CC_FOR_TARGET=armv7l-lfs-linux-gnueabihf-gcc --with-build-sysroot=/mnt/lfs --enable-initfini-array --disable-nls --disable-multilib --disable-decimal-float --disable-libatomic --disable-libgomp --disable-libquadmath --disable-libssp --disable-libvtv --disable-libstdcxx --enable-languages=c,c++

## --------- ##
## Platform. ##
## --------- ##

hostname = pilfs
uname -m = armv7l
uname -r = 4.19.37-v7+
uname -s = Linux
uname -v = #1216 SMP Thu May 2 13:32:40 BST 2019

/usr/bin/uname -p = unknown
/bin/uname -X     = unknown

/bin/arch              = unknown
/usr/bin/arch -k       = unknown
/usr/convex/getsysinfo = unknown
/usr/bin/hostinfo      = unknown
/bin/machine           = unknown
/usr/bin/oslevel       = unknown
/bin/universe          = unknown

PATH: /mnt/lfs/tools/bin
PATH: /bin
PATH: /usr/bin


## ----------- ##
## Core tests. ##
## ----------- ##

configure:2352: checking build system type
configure:2366: result: armv7l-unknown-linux-gnueabihf
configure:2413: checking host system type
configure:2426: result: armv7l-lfs-linux-gnueabihf
configure:2446: checking target system type
configure:2459: result: armv7l-lfs-linux-gnueabihf
configure:2513: checking for a BSD-compatible install
configure:2581: result: /usr/bin/install -c
configure:2592: checking whether ln works
configure:2614: result: yes
configure:2618: checking whether ln -s works
configure:2622: result: yes
configure:2629: checking for a sed that does not truncate output
configure:2693: result: /bin/sed
configure:2702: checking for gawk
configure:2718: found /usr/bin/gawk
configure:2729: result: gawk
configure:3261: checking for libitm support
configure:3271: result: yes
configure:3280: checking for libsanitizer support
configure:3290: result: yes
configure:3319: checking for libhsail-rt support
configure:3325: result: no
configure:3455: checking for libphobos support
configure:3465: result: yes
configure:4125: checking for armv7l-lfs-linux-gnueabihf-gcc
configure:4141: found /mnt/lfs/tools/bin/armv7l-lfs-linux-gnueabihf-gcc
configure:4152: result: armv7l-lfs-linux-gnueabihf-gcc
configure:4421: checking for C compiler version
configure:4430: armv7l-lfs-linux-gnueabihf-gcc --version >&5
armv7l-lfs-linux-gnueabihf-gcc (GCC) 10.2.0
Copyright (C) 2020 Free Software Foundation, Inc.
This is free software; see the source for copying conditions.  There is NO
warranty; not even for MERCHANTABILITY or FITNESS FOR A PARTICULAR PURPOSE.

configure:4441: $? = 0
configure:4430: armv7l-lfs-linux-gnueabihf-gcc -v >&5
Using built-in specs.
COLLECT_GCC=armv7l-lfs-linux-gnueabihf-gcc
COLLECT_LTO_WRAPPER=/mnt/lfs/tools/libexec/gcc/armv7l-lfs-linux-gnueabihf/10.2.0/lto-wrapper
Target: armv7l-lfs-linux-gnueabihf
Configured with: ../configure --target=armv7l-lfs-linux-gnueabihf --prefix=/mnt/lfs/tools --with-glibc-version=2.11 --with-sysroot=/mnt/lfs --with-newlib --without-headers --enable-initfini-array --disable-nls --disable-shared --disable-multilib --disable-decimal-float --disable-threads --disable-libatomic --disable-libgomp --disable-libquadmath --disable-libssp --disable-libvtv --disable-libstdcxx --enable-languages=c,c++
Thread model: single
Supported LTO compression algorithms: zlib
gcc version 10.2.0 (GCC) 
configure:4441: $? = 0
configure:4430: armv7l-lfs-linux-gnueabihf-gcc -V >&5
armv7l-lfs-linux-gnueabihf-gcc: error: unrecognized command-line option '-V'
armv7l-lfs-linux-gnueabihf-gcc: fatal error: no input files
compilation terminated.
configure:4441: $? = 1
configure:4430: armv7l-lfs-linux-gnueabihf-gcc -qversion >&5
armv7l-lfs-linux-gnueabihf-gcc: error: unrecognized command-line option '-qversion'; did you mean '--version'?
armv7l-lfs-linux-gnueabihf-gcc: fatal error: no input files
compilation terminated.
configure:4441: $? = 1
configure:4461: checking whether the C compiler works
configure:4483: armv7l-lfs-linux-gnueabihf-gcc    conftest.c  >&5
configure:4487: $? = 0
configure:4535: result: yes
configure:4538: checking for C compiler default output file name
configure:4540: result: a.out
configure:4546: checking for suffix of executables
configure:4553: armv7l-lfs-linux-gnueabihf-gcc -o conftest    conftest.c  >&5
configure:4557: $? = 0
configure:4579: result: 
configure:4601: checking whether we are cross compiling
configure:4639: result: yes
configure:4644: checking for suffix of object files
configure:4666: armv7l-lfs-linux-gnueabihf-gcc -c   conftest.c >&5
configure:4670: $? = 0
configure:4691: result: o
configure:4695: checking whether we are using the GNU C compiler
configure:4714: armv7l-lfs-linux-gnueabihf-gcc -c   conftest.c >&5
configure:4714: $? = 0
configure:4723: result: yes
configure:4732: checking whether armv7l-lfs-linux-gnueabihf-gcc accepts -g
configure:4752: armv7l-lfs-linux-gnueabihf-gcc -c -g  conftest.c >&5
configure:4752: $? = 0
configure:4793: result: yes
configure:4810: checking for armv7l-lfs-linux-gnueabihf-gcc option to accept ISO C89
configure:4873: armv7l-lfs-linux-gnueabihf-gcc  -c -g -O2  conftest.c >&5
configure:4873: $? = 0
configure:4886: result: none needed
configure:4920: checking for armv7l-lfs-linux-gnueabihf-g++
configure:4936: found /mnt/lfs/tools/bin/armv7l-lfs-linux-gnueabihf-g++
configure:4947: result: armv7l-lfs-linux-gnueabihf-g++
configure:5018: checking for C++ compiler version
configure:5027: armv7l-lfs-linux-gnueabihf-g++ --version >&5
armv7l-lfs-linux-gnueabihf-g++ (GCC) 10.2.0
Copyright (C) 2020 Free Software Foundation, Inc.
This is free software; see the source for copying conditions.  There is NO
warranty; not even for MERCHANTABILITY or FITNESS FOR A PARTICULAR PURPOSE.

configure:5038: $? = 0
configure:5027: armv7l-lfs-linux-gnueabihf-g++ -v >&5
Using built-in specs.
COLLECT_GCC=armv7l-lfs-linux-gnueabihf-g++
COLLECT_LTO_WRAPPER=/mnt/lfs/tools/libexec/gcc/armv7l-lfs-linux-gnueabihf/10.2.0/lto-wrapper
Target: armv7l-lfs-linux-gnueabihf
Configured with: ../configure --target=armv7l-lfs-linux-gnueabihf --prefix=/mnt/lfs/tools --with-glibc-version=2.11 --with-sysroot=/mnt/lfs --with-newlib --without-headers --enable-initfini-array --disable-nls --disable-shared --disable-multilib --disable-decimal-float --disable-threads --disable-libatomic --disable-libgomp --disable-libquadmath --disable-libssp --disable-libvtv --disable-libstdcxx --enable-languages=c,c++
Thread model: single
Supported LTO compression algorithms: zlib
gcc version 10.2.0 (GCC) 
configure:5038: $? = 0
configure:5027: armv7l-lfs-linux-gnueabihf-g++ -V >&5
armv7l-lfs-linux-gnueabihf-g++: error: unrecognized command-line option '-V'
armv7l-lfs-linux-gnueabihf-g++: fatal error: no input files
compilation terminated.
configure:5038: $? = 1
configure:5027: armv7l-lfs-linux-gnueabihf-g++ -qversion >&5
armv7l-lfs-linux-gnueabihf-g++: error: unrecognized command-line option '-qversion'; did you mean '--version'?
armv7l-lfs-linux-gnueabihf-g++: fatal error: no input files
compilation terminated.
configure:5038: $? = 1
configure:5042: checking whether we are using the GNU C++ compiler
configure:5061: armv7l-lfs-linux-gnueabihf-g++ -c   conftest.cpp >&5
configure:5061: $? = 0
configure:5070: result: yes
configure:5079: checking whether armv7l-lfs-linux-gnueabihf-g++ accepts -g
configure:5099: armv7l-lfs-linux-gnueabihf-g++ -c -g  conftest.cpp >&5
configure:5099: $? = 0
configure:5140: result: yes
configure:5189: checking whether g++ accepts -static-libstdc++ -static-libgcc
configure:5206: armv7l-lfs-linux-gnueabihf-g++ -o conftest -g -O2   -static-libstdc++ -static-libgcc conftest.cpp  >&5
configure:5206: $? = 0
configure:5207: result: yes
configure:5231: checking for armv7l-lfs-linux-gnueabihf-gnatbind
configure:5261: result: no
configure:5271: checking for gnatbind
configure:5301: result: no
configure:5323: checking for armv7l-lfs-linux-gnueabihf-gnatmake
configure:5353: result: no
configure:5363: checking for gnatmake
configure:5393: result: no
configure:5412: checking whether compiler driver understands Ada
configure:5435: result: no
configure:5444: checking how to compare bootstrapped objects
configure:5469: result: cmp --ignore-initial=16 $$f1 $$f2
configure:5529: checking for objdir
configure:5544: result: .libs
configure:6110: checking for isl 0.15 or later
configure:6123: armv7l-lfs-linux-gnueabihf-gcc -o conftest -g -O2  -I$$r/$(HOST_SUBDIR)/gmp -I$$s/gmp -I$$r/$(HOST_SUBDIR)/mpfr/src -I$$s/mpfr/src -I$$s/mpc/src     -lisl -L$$r/$(HOST_SUBDIR)/gmp/.libs -L$$r/$(HOST_SUBDIR)/mpfr/src/.libs -L$$r/$(HOST_SUBDIR)/mpc/src/.libs -lmpc -lmpfr -lgmp conftest.c  -lisl -lgmp >&5
conftest.c:10:10: fatal error: isl/schedule.h: No such file or directory
   10 | #include <isl/schedule.h>
      |          ^~~~~~~~~~~~~~~~
compilation terminated.
configure:6123: $? = 1
configure: failed program was:
| /* confdefs.h */
| #define PACKAGE_NAME ""
| #define PACKAGE_TARNAME ""
| #define PACKAGE_VERSION ""
| #define PACKAGE_STRING ""
| #define PACKAGE_BUGREPORT ""
| #define PACKAGE_URL ""
| #define LT_OBJDIR ".libs/"
| /* end confdefs.h.  */
| #include <isl/schedule.h>
| int
| main ()
| {
| isl_options_set_schedule_serialize_sccs (NULL, 0);
|   ;
|   return 0;
| }
configure:6130: result: no
configure:6134: result: required isl version is 0.15 or later
configure:7227: checking for default BUILD_CONFIG
configure:7259: result: 
configure:7264: checking for --enable-vtable-verify
configure:7277: result: no
configure:7890: checking for bison
configure:7906: found /usr/bin/bison
configure:7917: result: bison -y
configure:7937: checking for bison
configure:7953: found /usr/bin/bison
configure:7964: result: bison
configure:7984: checking for gm4
configure:8014: result: no
configure:7984: checking for gnum4
configure:8014: result: no
configure:7984: checking for m4
configure:8000: found /usr/bin/m4
configure:8011: result: m4
configure:8031: checking for flex
configure:8047: found /usr/bin/flex
configure:8058: result: flex
configure:8079: checking for flex
configure:8095: found /usr/bin/flex
configure:8106: result: flex
configure:8126: checking for makeinfo
configure:8142: found /usr/bin/makeinfo
configure:8153: result: makeinfo
configure:8187: checking for expect
configure:8217: result: no
configure:8236: checking for runtest
configure:8266: result: no
configure:8342: checking for armv7l-lfs-linux-gnueabihf-ar
configure:8358: found /mnt/lfs/tools/bin/armv7l-lfs-linux-gnueabihf-ar
configure:8369: result: armv7l-lfs-linux-gnueabihf-ar
configure:8483: checking for armv7l-lfs-linux-gnueabihf-as
configure:8499: found /mnt/lfs/tools/bin/armv7l-lfs-linux-gnueabihf-as
configure:8510: result: armv7l-lfs-linux-gnueabihf-as
configure:8624: checking for armv7l-lfs-linux-gnueabihf-dlltool
configure:8654: result: no
configure:8723: checking for ld
configure:8750: result: /mnt/lfs/tools/lib/gcc/armv7l-lfs-linux-gnueabihf/10.2.0/../../../../armv7l-lfs-linux-gnueabihf/bin/ld
configure:8765: checking for armv7l-lfs-linux-gnueabihf-ld
configure:8792: result: /mnt/lfs/tools/lib/gcc/armv7l-lfs-linux-gnueabihf/10.2.0/../../../../armv7l-lfs-linux-gnueabihf/bin/ld
configure:8906: checking for armv7l-lfs-linux-gnueabihf-lipo
configure:8936: result: no
configure:9047: checking for armv7l-lfs-linux-gnueabihf-nm
configure:9063: found /mnt/lfs/tools/bin/armv7l-lfs-linux-gnueabihf-nm
configure:9074: result: armv7l-lfs-linux-gnueabihf-nm
configure:9188: checking for armv7l-lfs-linux-gnueabihf-ranlib
configure:9204: found /mnt/lfs/tools/bin/armv7l-lfs-linux-gnueabihf-ranlib
configure:9215: result: armv7l-lfs-linux-gnueabihf-ranlib
configure:9324: checking for armv7l-lfs-linux-gnueabihf-strip
configure:9340: found /mnt/lfs/tools/bin/armv7l-lfs-linux-gnueabihf-strip
configure:9351: result: armv7l-lfs-linux-gnueabihf-strip
configure:9460: checking for armv7l-lfs-linux-gnueabihf-windres
configure:9490: result: no
configure:9601: checking for armv7l-lfs-linux-gnueabihf-windmc
configure:9631: result: no
configure:9742: checking for armv7l-lfs-linux-gnueabihf-objcopy
configure:9758: found /mnt/lfs/tools/bin/armv7l-lfs-linux-gnueabihf-objcopy
configure:9769: result: armv7l-lfs-linux-gnueabihf-objcopy
configure:9883: checking for armv7l-lfs-linux-gnueabihf-objdump
configure:9899: found /mnt/lfs/tools/bin/armv7l-lfs-linux-gnueabihf-objdump
configure:9910: result: armv7l-lfs-linux-gnueabihf-objdump
configure:10024: checking for armv7l-lfs-linux-gnueabihf-otool
configure:10054: result: no
configure:10165: checking for armv7l-lfs-linux-gnueabihf-readelf
configure:10181: found /mnt/lfs/tools/bin/armv7l-lfs-linux-gnueabihf-readelf
configure:10192: result: armv7l-lfs-linux-gnueabihf-readelf
configure:10286: checking for cc
configure:10313: result: armv7l-lfs-linux-gnueabihf-gcc
configure:10286: checking for gcc
configure:10313: result: armv7l-lfs-linux-gnueabihf-gcc
configure:14473: checking where to find the target ar
configure:14479: result: pre-installed in /mnt/lfs/tools/lib/gcc/armv7l-lfs-linux-gnueabihf/10.2.0/../../../../armv7l-lfs-linux-gnueabihf/bin
configure:14515: checking where to find the target as
configure:14521: result: pre-installed in /mnt/lfs/tools/lib/gcc/armv7l-lfs-linux-gnueabihf/10.2.0/../../../../armv7l-lfs-linux-gnueabihf/bin
configure:14557: checking where to find the target cc
configure:14567: result: pre-installed
configure:14599: checking where to find the target c++
configure:14609: result: pre-installed
configure:14644: checking where to find the target c++ for libstdc++
configure:14654: result: pre-installed
configure:14689: checking where to find the target dlltool
configure:14699: result: pre-installed
configure:14731: checking where to find the target gcc
configure:14741: result: pre-installed
configure:14773: checking where to find the target gfortran
configure:14783: result: pre-installed
configure:14818: checking where to find the target gccgo
configure:14828: result: pre-installed
configure:14863: checking where to find the target gdc
configure:14873: result: pre-installed
configure:14908: checking where to find the target ld
configure:14914: result: pre-installed in /mnt/lfs/tools/lib/gcc/armv7l-lfs-linux-gnueabihf/10.2.0/../../../../armv7l-lfs-linux-gnueabihf/bin
configure:14950: checking where to find the target lipo
configure:14960: result: pre-installed
configure:14981: checking where to find the target nm
configure:14987: result: pre-installed in /mnt/lfs/tools/lib/gcc/armv7l-lfs-linux-gnueabihf/10.2.0/../../../../armv7l-lfs-linux-gnueabihf/bin
configure:15023: checking where to find the target objcopy
configure:15029: result: pre-installed in /mnt/lfs/tools/lib/gcc/armv7l-lfs-linux-gnueabihf/10.2.0/../../../../armv7l-lfs-linux-gnueabihf/bin
configure:15065: checking where to find the target objdump
configure:15071: result: pre-installed in /mnt/lfs/tools/lib/gcc/armv7l-lfs-linux-gnueabihf/10.2.0/../../../../armv7l-lfs-linux-gnueabihf/bin
configure:15107: checking where to find the target otool
configure:15117: result: pre-installed
configure:15138: checking where to find the target ranlib
configure:15144: result: pre-installed in /mnt/lfs/tools/lib/gcc/armv7l-lfs-linux-gnueabihf/10.2.0/../../../../armv7l-lfs-linux-gnueabihf/bin
configure:15180: checking where to find the target readelf
configure:15186: result: pre-installed in /mnt/lfs/tools/lib/gcc/armv7l-lfs-linux-gnueabihf/10.2.0/../../../../armv7l-lfs-linux-gnueabihf/bin
configure:15222: checking where to find the target strip
configure:15228: result: pre-installed in /mnt/lfs/tools/lib/gcc/armv7l-lfs-linux-gnueabihf/10.2.0/../../../../armv7l-lfs-linux-gnueabihf/bin
configure:15264: checking where to find the target windres
configure:15274: result: pre-installed
configure:15306: checking where to find the target windmc
configure:15316: result: pre-installed
configure:15376: checking whether to enable maintainer-specific portions of Makefiles
configure:15385: result: no
configure:15620: creating ./config.status

## ---------------------- ##
## Running config.status. ##
## ---------------------- ##

This file was extended by config.status, which was
generated by GNU Autoconf 2.69.  Invocation command line was

  CONFIG_FILES    = 
  CONFIG_HEADERS  = 
  CONFIG_LINKS    = 
  CONFIG_COMMANDS = 
  $ ./config.status 

on pilfs

config.status:1009: creating Makefile

## ---------------- ##
## Cache variables. ##
## ---------------- ##

ac_cv_build=armv7l-unknown-linux-gnueabihf
ac_cv_c_compiler_gnu=yes
ac_cv_cxx_compiler_gnu=yes
ac_cv_env_AR_FOR_TARGET_set=
ac_cv_env_AR_FOR_TARGET_value=
ac_cv_env_AR_set=
ac_cv_env_AR_value=
ac_cv_env_AS_FOR_TARGET_set=
ac_cv_env_AS_FOR_TARGET_value=
ac_cv_env_AS_set=
ac_cv_env_AS_value=
ac_cv_env_CCC_set=
ac_cv_env_CCC_value=
ac_cv_env_CC_FOR_TARGET_set=set
ac_cv_env_CC_FOR_TARGET_value=armv7l-lfs-linux-gnueabihf-gcc
ac_cv_env_CC_set=
ac_cv_env_CC_value=
ac_cv_env_CFLAGS_set=
ac_cv_env_CFLAGS_value=
ac_cv_env_CPPFLAGS_set=
ac_cv_env_CPPFLAGS_value=
ac_cv_env_CXXFLAGS_set=
ac_cv_env_CXXFLAGS_value=
ac_cv_env_CXX_FOR_TARGET_set=
ac_cv_env_CXX_FOR_TARGET_value=
ac_cv_env_CXX_set=
ac_cv_env_CXX_value=
ac_cv_env_DLLTOOL_FOR_TARGET_set=
ac_cv_env_DLLTOOL_FOR_TARGET_value=
ac_cv_env_DLLTOOL_set=
ac_cv_env_DLLTOOL_value=
ac_cv_env_GCC_FOR_TARGET_set=
ac_cv_env_GCC_FOR_TARGET_value=
ac_cv_env_GDC_FOR_TARGET_set=
ac_cv_env_GDC_FOR_TARGET_value=
ac_cv_env_GFORTRAN_FOR_TARGET_set=
ac_cv_env_GFORTRAN_FOR_TARGET_value=
ac_cv_env_GOC_FOR_TARGET_set=
ac_cv_env_GOC_FOR_TARGET_value=
ac_cv_env_LDFLAGS_set=
ac_cv_env_LDFLAGS_value=
ac_cv_env_LD_FOR_TARGET_set=
ac_cv_env_LD_FOR_TARGET_value=
ac_cv_env_LD_set=
ac_cv_env_LD_value=
ac_cv_env_LIBS_set=
ac_cv_env_LIBS_value=
ac_cv_env_LIPO_FOR_TARGET_set=
ac_cv_env_LIPO_FOR_TARGET_value=
ac_cv_env_LIPO_set=
ac_cv_env_LIPO_value=
ac_cv_env_NM_FOR_TARGET_set=
ac_cv_env_NM_FOR_TARGET_value=
ac_cv_env_NM_set=
ac_cv_env_NM_value=
ac_cv_env_OBJCOPY_FOR_TARGET_set=
ac_cv_env_OBJCOPY_FOR_TARGET_value=
ac_cv_env_OBJCOPY_set=
ac_cv_env_OBJCOPY_value=
ac_cv_env_OBJDUMP_FOR_TARGET_set=
ac_cv_env_OBJDUMP_FOR_TARGET_value=
ac_cv_env_OBJDUMP_set=
ac_cv_env_OBJDUMP_value=
ac_cv_env_OTOOL_FOR_TARGET_set=
ac_cv_env_OTOOL_FOR_TARGET_value=
ac_cv_env_OTOOL_set=
ac_cv_env_OTOOL_value=
ac_cv_env_RANLIB_FOR_TARGET_set=
ac_cv_env_RANLIB_FOR_TARGET_value=
ac_cv_env_RANLIB_set=
ac_cv_env_RANLIB_value=
ac_cv_env_READELF_FOR_TARGET_set=
ac_cv_env_READELF_FOR_TARGET_value=
ac_cv_env_READELF_set=
ac_cv_env_READELF_value=
ac_cv_env_STRIP_FOR_TARGET_set=
ac_cv_env_STRIP_FOR_TARGET_value=
ac_cv_env_STRIP_set=
ac_cv_env_STRIP_value=
ac_cv_env_WINDMC_FOR_TARGET_set=
ac_cv_env_WINDMC_FOR_TARGET_value=
ac_cv_env_WINDMC_set=
ac_cv_env_WINDMC_value=
ac_cv_env_WINDRES_FOR_TARGET_set=
ac_cv_env_WINDRES_FOR_TARGET_value=
ac_cv_env_WINDRES_set=
ac_cv_env_WINDRES_value=
ac_cv_env_build_alias_set=set
ac_cv_env_build_alias_value=armv7l-unknown-linux-gnueabihf
ac_cv_env_build_configargs_set=
ac_cv_env_build_configargs_value=
ac_cv_env_host_alias_set=set
ac_cv_env_host_alias_value=armv7l-lfs-linux-gnueabihf
ac_cv_env_host_configargs_set=
ac_cv_env_host_configargs_value=
ac_cv_env_target_alias_set=
ac_cv_env_target_alias_value=
ac_cv_env_target_configargs_set=
ac_cv_env_target_configargs_value=
ac_cv_host=armv7l-lfs-linux-gnueabihf
ac_cv_objext=o
ac_cv_path_AR_FOR_TARGET=/mnt/lfs/tools/lib/gcc/armv7l-lfs-linux-gnueabihf/10.2.0/../../../../armv7l-lfs-linux-gnueabihf/bin/ar
ac_cv_path_AS_FOR_TARGET=/mnt/lfs/tools/lib/gcc/armv7l-lfs-linux-gnueabihf/10.2.0/../../../../armv7l-lfs-linux-gnueabihf/bin/as
ac_cv_path_LD_FOR_TARGET=/mnt/lfs/tools/lib/gcc/armv7l-lfs-linux-gnueabihf/10.2.0/../../../../armv7l-lfs-linux-gnueabihf/bin/ld
ac_cv_path_NM_FOR_TARGET=/mnt/lfs/tools/lib/gcc/armv7l-lfs-linux-gnueabihf/10.2.0/../../../../armv7l-lfs-linux-gnueabihf/bin/nm
ac_cv_path_OBJCOPY_FOR_TARGET=/mnt/lfs/tools/lib/gcc/armv7l-lfs-linux-gnueabihf/10.2.0/../../../../armv7l-lfs-linux-gnueabihf/bin/objcopy
ac_cv_path_OBJDUMP_FOR_TARGET=/mnt/lfs/tools/lib/gcc/armv7l-lfs-linux-gnueabihf/10.2.0/../../../../armv7l-lfs-linux-gnueabihf/bin/objdump
ac_cv_path_RANLIB_FOR_TARGET=/mnt/lfs/tools/lib/gcc/armv7l-lfs-linux-gnueabihf/10.2.0/../../../../armv7l-lfs-linux-gnueabihf/bin/ranlib
ac_cv_path_READELF_FOR_TARGET=/mnt/lfs/tools/lib/gcc/armv7l-lfs-linux-gnueabihf/10.2.0/../../../../armv7l-lfs-linux-gnueabihf/bin/readelf
ac_cv_path_SED=/bin/sed
ac_cv_path_STRIP_FOR_TARGET=/mnt/lfs/tools/lib/gcc/armv7l-lfs-linux-gnueabihf/10.2.0/../../../../armv7l-lfs-linux-gnueabihf/bin/strip
ac_cv_path_install='/usr/bin/install -c'
ac_cv_prog_AR=armv7l-lfs-linux-gnueabihf-ar
ac_cv_prog_AS=armv7l-lfs-linux-gnueabihf-as
ac_cv_prog_AWK=gawk
ac_cv_prog_BISON=bison
ac_cv_prog_CC=armv7l-lfs-linux-gnueabihf-gcc
ac_cv_prog_CC_FOR_TARGET=armv7l-lfs-linux-gnueabihf-gcc
ac_cv_prog_CXX=armv7l-lfs-linux-gnueabihf-g++
ac_cv_prog_FLEX=flex
ac_cv_prog_LD=/mnt/lfs/tools/lib/gcc/armv7l-lfs-linux-gnueabihf/10.2.0/../../../../armv7l-lfs-linux-gnueabihf/bin/ld
ac_cv_prog_LEX=flex
ac_cv_prog_M4=m4
ac_cv_prog_MAKEINFO=makeinfo
ac_cv_prog_NM=armv7l-lfs-linux-gnueabihf-nm
ac_cv_prog_OBJCOPY=armv7l-lfs-linux-gnueabihf-objcopy
ac_cv_prog_OBJDUMP=armv7l-lfs-linux-gnueabihf-objdump
ac_cv_prog_RANLIB=armv7l-lfs-linux-gnueabihf-ranlib
ac_cv_prog_READELF=armv7l-lfs-linux-gnueabihf-readelf
ac_cv_prog_STRIP=armv7l-lfs-linux-gnueabihf-strip
ac_cv_prog_YACC='bison -y'
ac_cv_prog_cc_c89=
ac_cv_prog_cc_g=yes
ac_cv_prog_cxx_g=yes
ac_cv_target=armv7l-lfs-linux-gnueabihf
acx_cv_cc_gcc_supports_ada=no
acx_cv_prog_LN=ln
gcc_cv_isl=no
gcc_cv_prog_cmp_skip='cmp --ignore-initial=16 $$f1 $$f2'
gcc_cv_tool_dirs=
gcc_cv_tool_prefix=/usr
lt_cv_objdir=.libs

## ----------------- ##
## Output variables. ##
## ----------------- ##

AR='armv7l-lfs-linux-gnueabihf-ar'
AR_FOR_BUILD='ar'
AR_FOR_TARGET='/mnt/lfs/tools/lib/gcc/armv7l-lfs-linux-gnueabihf/10.2.0/../../../../armv7l-lfs-linux-gnueabihf/bin/ar'
AS='armv7l-lfs-linux-gnueabihf-as'
AS_FOR_BUILD='as'
AS_FOR_TARGET='/mnt/lfs/tools/lib/gcc/armv7l-lfs-linux-gnueabihf/10.2.0/../../../../armv7l-lfs-linux-gnueabihf/bin/as'
AWK='gawk'
BISON='bison'
BUILD_CONFIG=''
CC='armv7l-lfs-linux-gnueabihf-gcc'
CC_FOR_BUILD='gcc'
CC_FOR_TARGET='armv7l-lfs-linux-gnueabihf-gcc'
CFLAGS='-g -O2'
CFLAGS_FOR_BUILD=''
CFLAGS_FOR_TARGET='-g -O2'
COMPILER_AS_FOR_TARGET='$(AS_FOR_TARGET)'
COMPILER_LD_FOR_TARGET='$(LD_FOR_TARGET)'
COMPILER_NM_FOR_TARGET='$(NM_FOR_TARGET)'
CONFIGURE_GDB_TK=''
CPPFLAGS=''
CXX='armv7l-lfs-linux-gnueabihf-g++'
CXXFLAGS='-g -O2'
CXXFLAGS_FOR_BUILD=''
CXXFLAGS_FOR_TARGET='-g -O2'
CXX_FOR_BUILD='g++'
CXX_FOR_TARGET='c++'
DEBUG_PREFIX_CFLAGS_FOR_TARGET=''
DEFS='-DPACKAGE_NAME=\"\" -DPACKAGE_TARNAME=\"\" -DPACKAGE_VERSION=\"\" -DPACKAGE_STRING=\"\" -DPACKAGE_BUGREPORT=\"\" -DPACKAGE_URL=\"\" -DLT_OBJDIR=\".libs/\"'
DLLTOOL='armv7l-lfs-linux-gnueabihf-dlltool'
DLLTOOL_FOR_BUILD='dlltool'
DLLTOOL_FOR_TARGET='dlltool'
ECHO_C=''
ECHO_N='-n'
ECHO_T=''
EXEEXT=''
EXPECT='expect'
FLAGS_FOR_TARGET=''
FLEX='flex'
GCC_FOR_TARGET='armv7l-lfs-linux-gnueabihf-gcc'
GCC_SHLIB_SUBDIR=''
GDB_TK=''
GDC_FOR_BUILD='gdc'
GDC_FOR_TARGET='gdc'
GFORTRAN_FOR_BUILD='gfortran'
GFORTRAN_FOR_TARGET='gfortran'
GNATBIND='no'
GNATMAKE='no'
GOC_FOR_BUILD='gccgo'
GOC_FOR_TARGET='gccgo'
INSTALL_DATA='${INSTALL} -m 644'
INSTALL_GDB_TK=''
INSTALL_PROGRAM='${INSTALL}'
INSTALL_SCRIPT='${INSTALL}'
LD='/mnt/lfs/tools/lib/gcc/armv7l-lfs-linux-gnueabihf/10.2.0/../../../../armv7l-lfs-linux-gnueabihf/bin/ld'
LDFLAGS=''
LDFLAGS_FOR_BUILD=''
LDFLAGS_FOR_TARGET=''
LD_FOR_BUILD='ld'
LD_FOR_TARGET='/mnt/lfs/tools/lib/gcc/armv7l-lfs-linux-gnueabihf/10.2.0/../../../../armv7l-lfs-linux-gnueabihf/bin/ld'
LEX='flex'
LIBOBJS=''
LIBS=''
LIPO='armv7l-lfs-linux-gnueabihf-lipo'
LIPO_FOR_TARGET='lipo'
LN='ln'
LN_S='ln -s'
LTLIBOBJS=''
M4='m4'
MAINT='#'
MAINTAINER_MODE_FALSE=''
MAINTAINER_MODE_TRUE='#'
MAKEINFO='makeinfo'
NM='armv7l-lfs-linux-gnueabihf-nm'
NM_FOR_BUILD='nm'
NM_FOR_TARGET='/mnt/lfs/tools/lib/gcc/armv7l-lfs-linux-gnueabihf/10.2.0/../../../../armv7l-lfs-linux-gnueabihf/bin/nm'
OBJCOPY='armv7l-lfs-linux-gnueabihf-objcopy'
OBJCOPY_FOR_TARGET='/mnt/lfs/tools/lib/gcc/armv7l-lfs-linux-gnueabihf/10.2.0/../../../../armv7l-lfs-linux-gnueabihf/bin/objcopy'
OBJDUMP='armv7l-lfs-linux-gnueabihf-objdump'
OBJDUMP_FOR_TARGET='/mnt/lfs/tools/lib/gcc/armv7l-lfs-linux-gnueabihf/10.2.0/../../../../armv7l-lfs-linux-gnueabihf/bin/objdump'
OBJEXT='o'
OTOOL='armv7l-lfs-linux-gnueabihf-otool'
OTOOL_FOR_TARGET='otool'
PACKAGE_BUGREPORT=''
PACKAGE_NAME=''
PACKAGE_STRING=''
PACKAGE_TARNAME=''
PACKAGE_URL=''
PACKAGE_VERSION=''
PATH_SEPARATOR=':'
RANLIB='armv7l-lfs-linux-gnueabihf-ranlib'
RANLIB_FOR_BUILD='ranlib'
RANLIB_FOR_TARGET='/mnt/lfs/tools/lib/gcc/armv7l-lfs-linux-gnueabihf/10.2.0/../../../../armv7l-lfs-linux-gnueabihf/bin/ranlib'
RAW_CXX_FOR_TARGET='c++'
READELF='armv7l-lfs-linux-gnueabihf-readelf'
READELF_FOR_TARGET='/mnt/lfs/tools/lib/gcc/armv7l-lfs-linux-gnueabihf/10.2.0/../../../../armv7l-lfs-linux-gnueabihf/bin/readelf'
RPATH_ENVVAR='LD_LIBRARY_PATH'
RUNTEST='runtest'
SED='/bin/sed'
SHELL='/bin/sh'
STRIP='armv7l-lfs-linux-gnueabihf-strip'
STRIP_FOR_TARGET='/mnt/lfs/tools/lib/gcc/armv7l-lfs-linux-gnueabihf/10.2.0/../../../../armv7l-lfs-linux-gnueabihf/bin/strip'
SYSROOT_CFLAGS_FOR_TARGET='--sysroot=/mnt/lfs'
TOPLEVEL_CONFIGURE_ARGUMENTS='../configure --build=armv7l-unknown-linux-gnueabihf --host=armv7l-lfs-linux-gnueabihf --prefix=/usr CC_FOR_TARGET=armv7l-lfs-linux-gnueabihf-gcc --with-build-sysroot=/mnt/lfs --enable-initfini-array --disable-nls --disable-multilib --disable-decimal-float --disable-libatomic --disable-libgomp --disable-libquadmath --disable-libssp --disable-libvtv --disable-libstdcxx --enable-languages=c,c++'
WINDMC='armv7l-lfs-linux-gnueabihf-windmc'
WINDMC_FOR_BUILD='windmc'
WINDMC_FOR_TARGET='windmc'
WINDRES='armv7l-lfs-linux-gnueabihf-windres'
WINDRES_FOR_BUILD='windres'
WINDRES_FOR_TARGET='windres'
YACC='bison -y'
ac_ct_CC=''
ac_ct_CXX=''
bindir='${exec_prefix}/bin'
build='armv7l-unknown-linux-gnueabihf'
build_alias='armv7l-unknown-linux-gnueabihf'
build_configargs=' --cache-file=./config.cache '\''--prefix=/usr'\'' '\''--with-build-sysroot=/mnt/lfs'\'' '\''--enable-initfini-array'\'' '\''--disable-nls'\'' '\''--disable-multilib'\'' '\''--disable-decimal-float'\'' '\''--disable-libatomic'\'' '\''--disable-libgomp'\'' '\''--disable-libquadmath'\'' '\''--disable-libssp'\'' '\''--disable-libvtv'\'' '\''--disable-libstdcxx'\'' '\''--enable-languages=c,c++,lto'\'' --program-transform-name='\''s,y,y,'\'' --disable-option-checking'
build_configdirs=' libiberty libcpp fixincludes'
build_cpu='armv7l'
build_libsubdir='build-armv7l-unknown-linux-gnueabihf'
build_noncanonical='armv7l-unknown-linux-gnueabihf'
build_os='linux-gnueabihf'
build_subdir='build-armv7l-unknown-linux-gnueabihf'
build_tooldir='${exec_prefix}/armv7l-lfs-linux-gnueabihf'
build_vendor='unknown'
compare_exclusions='gcc/cc*-checksum$(objext) | gcc/ada/*tools/*'
configdirs=' intl libiberty zlib libbacktrace libcpp libdecnumber gmp mpfr mpc fixincludes gcc libcc1 lto-plugin'
datadir='${datarootdir}'
datarootdir='${prefix}/share'
do_compare='cmp --ignore-initial=16 $$f1 $$f2'
docdir='${datarootdir}/doc/${PACKAGE}'
dvidir='${docdir}'
exec_prefix='${prefix}'
extra_host_libiberty_configure_flags='--enable-shared'
extra_host_zlib_configure_flags=''
extra_isl_gmp_configure_flags='--with-gmp-builddir=$$r/$(HOST_SUBDIR)/gmp'
extra_liboffloadmic_configure_flags=''
extra_linker_plugin_configure_flags=''
extra_linker_plugin_flags=''
extra_mpc_gmp_configure_flags='--with-gmp-include=$$r/$(HOST_SUBDIR)/gmp --with-gmp-lib=$$r/$(HOST_SUBDIR)/gmp/.libs'
extra_mpc_mpfr_configure_flags='--with-mpfr-include=$$s/mpfr/src --with-mpfr-lib=$$r/$(HOST_SUBDIR)/mpfr/src/.libs'
extra_mpfr_configure_flags='--with-gmp-include=$$r/$(HOST_SUBDIR)/gmp --with-gmp-lib=$$r/$(HOST_SUBDIR)/gmp/.libs'
get_gcc_base_ver='cat'
gmpinc='-I$$r/$(HOST_SUBDIR)/gmp -I$$s/gmp -I$$r/$(HOST_SUBDIR)/mpfr/src -I$$s/mpfr/src -I$$s/mpc/src '
gmplibs='-L$$r/$(HOST_SUBDIR)/gmp/.libs -L$$r/$(HOST_SUBDIR)/mpfr/src/.libs -L$$r/$(HOST_SUBDIR)/mpc/src/.libs -lmpc -lmpfr -lgmp'
host='armv7l-lfs-linux-gnueabihf'
host_alias='armv7l-lfs-linux-gnueabihf'
host_configargs=' --cache-file=./config.cache  '\''--prefix=/usr'\'' '\''--with-build-sysroot=/mnt/lfs'\'' '\''--enable-initfini-array'\'' '\''--disable-nls'\'' '\''--disable-multilib'\'' '\''--disable-decimal-float'\'' '\''--disable-libatomic'\'' '\''--disable-libgomp'\'' '\''--disable-libquadmath'\'' '\''--disable-libssp'\'' '\''--disable-libvtv'\'' '\''--disable-libstdcxx'\'' '\''--enable-languages=c,c++,lto'\'' --program-transform-name='\''s,y,y,'\'' --disable-option-checking'
host_cpu='armv7l'
host_noncanonical='armv7l-lfs-linux-gnueabihf'
host_os='linux-gnueabihf'
host_shared='no'
host_subdir='.'
host_vendor='lfs'
htmldir='${docdir}'
includedir='${prefix}/include'
infodir='${datarootdir}/info'
islinc=''
isllibs=''
libdir='${exec_prefix}/lib'
libexecdir='${exec_prefix}/libexec'
localedir='${datarootdir}/locale'
localstatedir='${prefix}/var'
mandir='${datarootdir}/man'
oldincludedir='/usr/include'
pdfdir='${docdir}'
poststage1_ldflags='-static-libstdc++ -static-libgcc'
poststage1_libs=''
prefix='/usr'
program_transform_name='s,y,y,'
psdir='${docdir}'
sbindir='${exec_prefix}/sbin'
sharedstatedir='${prefix}/com'
stage1_cflags='-g'
stage1_checking='--enable-checking=yes,types'
stage1_languages='c,c++,lto'
stage1_ldflags='-static-libstdc++ -static-libgcc'
stage1_libs=''
stage2_werror_flag=''
sysconfdir='${prefix}/etc'
target='armv7l-lfs-linux-gnueabihf'
target_alias=''
target_configargs='--cache-file=./config.cache   '\''--prefix=/usr'\'' '\''--with-build-sysroot=/mnt/lfs'\'' '\''--enable-initfini-array'\'' '\''--disable-nls'\'' '\''--disable-multilib'\'' '\''--disable-decimal-float'\'' '\''--disable-libatomic'\'' '\''--disable-libgomp'\'' '\''--disable-libquadmath'\'' '\''--disable-libssp'\'' '\''--disable-libvtv'\'' '\''--disable-libstdcxx'\'' '\''--enable-languages=c,c++,lto'\'' --program-transform-name='\''s,y,y,'\'' --disable-option-checking'
target_configdirs=' libgcc'
target_cpu='armv7l'
target_noncanonical='armv7l-lfs-linux-gnueabihf'
target_os='linux-gnueabihf'
target_subdir='armv7l-lfs-linux-gnueabihf'
target_vendor='lfs'
tooldir='${exec_prefix}/armv7l-lfs-linux-gnueabihf'

## ------------------- ##
## File substitutions. ##
## ------------------- ##

alphaieee_frag='/dev/null'
host_makefile_frag='/dev/null'
ospace_frag='/dev/null'
serialization_dependencies='serdep.tmp'
target_makefile_frag='../config/mt-gnu'

## ----------- ##
## confdefs.h. ##
## ----------- ##

/* confdefs.h */
#define PACKAGE_NAME ""
#define PACKAGE_TARNAME ""
#define PACKAGE_VERSION ""
#define PACKAGE_STRING ""
#define PACKAGE_BUGREPORT ""
#define PACKAGE_URL ""
#define LT_OBJDIR ".libs/"

configure: exit 0
